2024-09-16 15:03:04,738 [INFO] Activator:177 - 


2024-09-16 15:03:04,739 [INFO] Activator:178 - !SESSION log4j initialized
2024-09-16 15:03:12,667 [INFO] McuFinderGlobals:39 - Set McuFinder mode to 2 (CubeIDE integrated)
2024-09-16 15:03:13,494 [INFO] ApplicationProperties:181 - Using Application install path: C:\ST\STM32CubeIDE_1.7.0\STM32CubeIDE\plugins\com.st.stm32cube.common.mx_6.3.0.202107141111
2024-09-16 15:03:13,501 [INFO] DbMcusXml:74 - Set database path to: C:\ST\STM32CubeIDE_1.7.0\STM32CubeIDE\plugins\com.st.stm32cube.common.mx_6.3.0.202107141111\\db\/mcu/
2024-09-16 15:03:13,504 [INFO] DbBoardsPdsc:56 - Set plugin database path to: C:\ST\STM32CubeIDE_1.7.0\STM32CubeIDE\plugins\com.st.stm32cube.common.mx_6.3.0.202107141111\\db\/plugins/boardmanager/
2024-09-16 15:03:13,504 [INFO] DbMcus:258 - Set plugin images path to: C:\ST\STM32CubeIDE_1.7.0\STM32CubeIDE\plugins\com.st.stm32cube.common.mx_6.3.0.202107141111\\db\/plugins/mcufinder/images/
2024-09-16 15:03:13,504 [INFO] DbBoards:264 - Set plugin images path to: C:\ST\STM32CubeIDE_1.7.0\STM32CubeIDE\plugins\com.st.stm32cube.common.mx_6.3.0.202107141111\\db\/plugins/mcufinder/images/
2024-09-16 15:03:13,506 [INFO] DbExamples:333 - Set plugin images path to: C:\ST\STM32CubeIDE_1.7.0\STM32CubeIDE\plugins\com.st.stm32cube.common.mx_6.3.0.202107141111\\db\/plugins/mcufinder/images/
2024-09-16 15:03:13,509 [INFO] DbMcusAds:119 - Set database path to: C:\Users\Ngo Truc Linh\.stmcufinder\plugins\mcufinder//mcu/
2024-09-16 15:03:13,510 [INFO] DbMcusDocs:110 - Set database path to: C:\Users\Ngo Truc Linh\.stmcufinder\plugins\mcufinder//mcu/
2024-09-16 15:03:13,511 [INFO] DbMcusJson:64 - Set database path to: C:\Users\Ngo Truc Linh\.stmcufinder\plugins\mcufinder//mcu/
2024-09-16 15:03:13,512 [INFO] DbBoardsDocs:110 - Set database path to: C:\Users\Ngo Truc Linh\.stmcufinder\plugins\mcufinder//mcu/
2024-09-16 15:03:13,512 [INFO] DbBoardsJson:57 - Set database path to: C:\Users\Ngo Truc Linh\.stmcufinder\plugins\mcufinder//mcu/
2024-09-16 15:03:13,514 [INFO] CrossReferenceDbSqlite:196 - Set database path to: C:\Users\Ngo Truc Linh\.stmcufinder\plugins\mcufinder//mcu/cs/
2024-09-16 15:03:13,516 [INFO] DbExamplesSqlite:767 - Set database path to: C:\Users\Ngo Truc Linh\.stmcufinder\plugins\mcufinder//mcu/
2024-09-16 15:03:13,580 [INFO] RulesReader:57 - Compatibility file has been processed (242 Rules)
2024-09-16 15:03:13,631 [INFO] DbMcusXml:74 - Set database path to: C:\ST\STM32CubeIDE_1.7.0\STM32CubeIDE\plugins\com.st.stm32cube.common.mx_6.3.0.202107141111\\db\/mcu/
2024-09-16 15:03:13,631 [INFO] DbBoardsPdsc:56 - Set plugin database path to: C:\ST\STM32CubeIDE_1.7.0\STM32CubeIDE\plugins\com.st.stm32cube.common.mx_6.3.0.202107141111\\db\/plugins/boardmanager/
2024-09-16 15:03:13,632 [INFO] DbMcus:258 - Set plugin images path to: C:\ST\STM32CubeIDE_1.7.0\STM32CubeIDE\plugins\com.st.stm32cube.common.mx_6.3.0.202107141111\\db\/plugins/mcufinder/images/
2024-09-16 15:03:13,632 [INFO] DbBoards:264 - Set plugin images path to: C:\ST\STM32CubeIDE_1.7.0\STM32CubeIDE\plugins\com.st.stm32cube.common.mx_6.3.0.202107141111\\db\/plugins/mcufinder/images/
2024-09-16 15:03:13,632 [INFO] DbExamples:333 - Set plugin images path to: C:\ST\STM32CubeIDE_1.7.0\STM32CubeIDE\plugins\com.st.stm32cube.common.mx_6.3.0.202107141111\\db\/plugins/mcufinder/images/
2024-09-16 15:03:13,632 [WARN] DbFile:35 - Overriding database path with different value: C:\Users\Ngo Truc Linh\.stmcufinder\plugins\mcufinder/ => C:\Users\Ngo Truc Linh\.stmcufinder\plugins\mcufinder
2024-09-16 15:03:13,632 [INFO] DbMcusAds:119 - Set database path to: C:\Users\Ngo Truc Linh\.stmcufinder\plugins\mcufinder//mcu/
2024-09-16 15:03:13,632 [WARN] DbFile:35 - Overriding database path with different value: C:\Users\Ngo Truc Linh\.stmcufinder\plugins\mcufinder/ => C:\Users\Ngo Truc Linh\.stmcufinder\plugins\mcufinder
2024-09-16 15:03:13,632 [INFO] DbMcusDocs:110 - Set database path to: C:\Users\Ngo Truc Linh\.stmcufinder\plugins\mcufinder//mcu/
2024-09-16 15:03:13,632 [WARN] DbFile:35 - Overriding database path with different value: C:\Users\Ngo Truc Linh\.stmcufinder\plugins\mcufinder/ => C:\Users\Ngo Truc Linh\.stmcufinder\plugins\mcufinder
2024-09-16 15:03:13,632 [INFO] DbMcusJson:64 - Set database path to: C:\Users\Ngo Truc Linh\.stmcufinder\plugins\mcufinder//mcu/
2024-09-16 15:03:13,632 [WARN] DbFile:35 - Overriding database path with different value: C:\Users\Ngo Truc Linh\.stmcufinder\plugins\mcufinder/ => C:\Users\Ngo Truc Linh\.stmcufinder\plugins\mcufinder
2024-09-16 15:03:13,632 [INFO] DbBoardsDocs:110 - Set database path to: C:\Users\Ngo Truc Linh\.stmcufinder\plugins\mcufinder//mcu/
2024-09-16 15:03:13,632 [WARN] DbFile:35 - Overriding database path with different value: C:\Users\Ngo Truc Linh\.stmcufinder\plugins\mcufinder/ => C:\Users\Ngo Truc Linh\.stmcufinder\plugins\mcufinder
2024-09-16 15:03:13,633 [INFO] DbBoardsJson:57 - Set database path to: C:\Users\Ngo Truc Linh\.stmcufinder\plugins\mcufinder//mcu/
2024-09-16 15:03:13,633 [WARN] DbFile:35 - Overriding database path with different value: C:\Users\Ngo Truc Linh\.stmcufinder\plugins\mcufinder/ => C:\Users\Ngo Truc Linh\.stmcufinder\plugins\mcufinder
2024-09-16 15:03:13,633 [WARN] DbFile:35 - Overriding database path with different value: C:\Users\Ngo Truc Linh\.stmcufinder\plugins\mcufinder/ => C:\Users\Ngo Truc Linh\.stmcufinder\plugins\mcufinder
2024-09-16 15:03:13,633 [INFO] CrossReferenceDbSqlite:196 - Set database path to: C:\Users\Ngo Truc Linh\.stmcufinder\plugins\mcufinder//mcu/cs/
2024-09-16 15:03:13,633 [WARN] DbFile:35 - Overriding database path with different value: C:\Users\Ngo Truc Linh\.stmcufinder\plugins\mcufinder/ => C:\Users\Ngo Truc Linh\.stmcufinder\plugins\mcufinder
2024-09-16 15:03:13,633 [INFO] DbExamplesSqlite:767 - Set database path to: C:\Users\Ngo Truc Linh\.stmcufinder\plugins\mcufinder//mcu/
2024-09-16 15:03:13,707 [INFO] MainPanel:214 - HeapMemory: 268435456
2024-09-16 15:03:13,758 [INFO] DbMcusXml:74 - Set database path to: C:\ST\STM32CubeIDE_1.7.0\STM32CubeIDE\plugins\com.st.stm32cube.common.mx_6.3.0.202107141111\\db\/mcu/
2024-09-16 15:03:13,758 [INFO] DbBoardsPdsc:56 - Set plugin database path to: C:\ST\STM32CubeIDE_1.7.0\STM32CubeIDE\plugins\com.st.stm32cube.common.mx_6.3.0.202107141111\\db\/plugins/boardmanager/
2024-09-16 15:03:13,759 [INFO] DbMcus:258 - Set plugin images path to: C:\ST\STM32CubeIDE_1.7.0\STM32CubeIDE\plugins\com.st.stm32cube.common.mx_6.3.0.202107141111\\db\/plugins/mcufinder/images/
2024-09-16 15:03:13,759 [INFO] DbBoards:264 - Set plugin images path to: C:\ST\STM32CubeIDE_1.7.0\STM32CubeIDE\plugins\com.st.stm32cube.common.mx_6.3.0.202107141111\\db\/plugins/mcufinder/images/
2024-09-16 15:03:13,759 [INFO] DbExamples:333 - Set plugin images path to: C:\ST\STM32CubeIDE_1.7.0\STM32CubeIDE\plugins\com.st.stm32cube.common.mx_6.3.0.202107141111\\db\/plugins/mcufinder/images/
2024-09-16 15:03:13,759 [WARN] DbFile:35 - Overriding database path with different value: C:\Users\Ngo Truc Linh\.stmcufinder\plugins\mcufinder/ => C:\Users\Ngo Truc Linh\.stmcufinder\plugins\mcufinder
2024-09-16 15:03:13,759 [INFO] DbMcusAds:119 - Set database path to: C:\Users\Ngo Truc Linh\.stmcufinder\plugins\mcufinder//mcu/
2024-09-16 15:03:13,759 [WARN] DbFile:35 - Overriding database path with different value: C:\Users\Ngo Truc Linh\.stmcufinder\plugins\mcufinder/ => C:\Users\Ngo Truc Linh\.stmcufinder\plugins\mcufinder
2024-09-16 15:03:13,759 [INFO] DbMcusDocs:110 - Set database path to: C:\Users\Ngo Truc Linh\.stmcufinder\plugins\mcufinder//mcu/
2024-09-16 15:03:13,759 [WARN] DbFile:35 - Overriding database path with different value: C:\Users\Ngo Truc Linh\.stmcufinder\plugins\mcufinder/ => C:\Users\Ngo Truc Linh\.stmcufinder\plugins\mcufinder
2024-09-16 15:03:13,759 [INFO] DbMcusJson:64 - Set database path to: C:\Users\Ngo Truc Linh\.stmcufinder\plugins\mcufinder//mcu/
2024-09-16 15:03:13,760 [WARN] DbFile:35 - Overriding database path with different value: C:\Users\Ngo Truc Linh\.stmcufinder\plugins\mcufinder/ => C:\Users\Ngo Truc Linh\.stmcufinder\plugins\mcufinder
2024-09-16 15:03:13,760 [INFO] DbBoardsDocs:110 - Set database path to: C:\Users\Ngo Truc Linh\.stmcufinder\plugins\mcufinder//mcu/
2024-09-16 15:03:13,760 [WARN] DbFile:35 - Overriding database path with different value: C:\Users\Ngo Truc Linh\.stmcufinder\plugins\mcufinder/ => C:\Users\Ngo Truc Linh\.stmcufinder\plugins\mcufinder
2024-09-16 15:03:13,760 [INFO] DbBoardsJson:57 - Set database path to: C:\Users\Ngo Truc Linh\.stmcufinder\plugins\mcufinder//mcu/
2024-09-16 15:03:13,760 [WARN] DbFile:35 - Overriding database path with different value: C:\Users\Ngo Truc Linh\.stmcufinder\plugins\mcufinder/ => C:\Users\Ngo Truc Linh\.stmcufinder\plugins\mcufinder
2024-09-16 15:03:13,760 [WARN] DbFile:35 - Overriding database path with different value: C:\Users\Ngo Truc Linh\.stmcufinder\plugins\mcufinder/ => C:\Users\Ngo Truc Linh\.stmcufinder\plugins\mcufinder
2024-09-16 15:03:13,760 [INFO] CrossReferenceDbSqlite:196 - Set database path to: C:\Users\Ngo Truc Linh\.stmcufinder\plugins\mcufinder//mcu/cs/
2024-09-16 15:03:13,760 [WARN] DbFile:35 - Overriding database path with different value: C:\Users\Ngo Truc Linh\.stmcufinder\plugins\mcufinder/ => C:\Users\Ngo Truc Linh\.stmcufinder\plugins\mcufinder
2024-09-16 15:03:13,760 [INFO] DbExamplesSqlite:767 - Set database path to: C:\Users\Ngo Truc Linh\.stmcufinder\plugins\mcufinder//mcu/
2024-09-16 15:03:13,772 [INFO] ApplicationProperties:181 - Using Application install path: C:\ST\STM32CubeIDE_1.7.0\STM32CubeIDE\plugins\com.st.stm32cube.common.mx_6.3.0.202107141111
2024-09-16 15:03:13,772 [INFO] PluginManage:188 - Search for loadable plugins [exclusion list=, ]
2024-09-16 15:03:13,773 [INFO] PluginManage:302 - Check plugin analytics
2024-09-16 15:03:18,843 [INFO] AnalyticsPlugin:257 - Accepted Software Licenses: 
2024-09-16 15:03:18,843 [INFO] AnalyticsPlugin:259 - Accepted CMSIS Pack Licenses: 
2024-09-16 15:03:18,844 [INFO] AnalyticsPlugin:261 - Accepted Firmware Licenses: 
2024-09-16 15:03:18,844 [INFO] PluginManage:352 - Loaded plugin analytics (category:tool,tabindex:-1)
2024-09-16 15:03:18,844 [INFO] PluginManage:302 - Check plugin clock
2024-09-16 15:03:18,852 [INFO] PluginManage:352 - Loaded plugin clock (category:base,tabindex:2)
2024-09-16 15:03:18,852 [INFO] PluginManage:302 - Check plugin ddr
2024-09-16 15:03:18,853 [INFO] PluginManage:352 - Loaded plugin ddr (category:tool,tabindex:6)
2024-09-16 15:03:18,853 [INFO] PluginManage:302 - Check plugin filemanager
2024-09-16 15:03:18,942 [INFO] PluginManage:352 - Loaded plugin filemanager (category:base,tabindex:10)
2024-09-16 15:03:18,942 [INFO] PluginManage:302 - Check plugin ipmanager
2024-09-16 15:03:18,947 [INFO] PluginManage:352 - Loaded plugin ipmanager (category:base,tabindex:5)
2024-09-16 15:03:18,947 [INFO] PluginManage:302 - Check plugin pinoutandconfiguration
2024-09-16 15:03:18,953 [INFO] PluginManage:352 - Loaded plugin pinoutandconfiguration (category:base,tabindex:1)
2024-09-16 15:03:18,953 [INFO] PluginManage:302 - Check plugin pinoutconfig
2024-09-16 15:03:18,970 [INFO] PluginManage:352 - Loaded plugin pinoutconfig (category:base,tabindex:0)
2024-09-16 15:03:18,970 [INFO] PluginManage:302 - Check plugin power
2024-09-16 15:03:18,989 [INFO] PluginManage:352 - Loaded plugin power (category:power,tabindex:4)
2024-09-16 15:03:18,989 [INFO] PluginManage:302 - Check plugin projectmanager
2024-09-16 15:03:19,000 [INFO] PluginManage:352 - Loaded plugin projectmanager (category:projectmanager,tabindex:3)
2024-09-16 15:03:19,001 [INFO] PluginManage:302 - Check plugin thirdparty
2024-09-16 15:03:19,078 [INFO] PluginManage:352 - Loaded plugin thirdparty (category:base,tabindex:-1)
2024-09-16 15:03:19,078 [INFO] PluginManage:302 - Check plugin tools
2024-09-16 15:03:19,078 [WARN] IntegrityCheckThread:78 - waiting for thirdparty lock release [integrity check]
2024-09-16 15:03:19,079 [INFO] IntegrityCheckThread:80 - entering critical section [integrity check]
2024-09-16 15:03:19,079 [INFO] ThirdPartyUpdaterWithRetryManager:66 - Updater plugin not ready yet. [1/15]
2024-09-16 15:03:19,080 [INFO] PluginManage:352 - Loaded plugin tools (category:base,tabindex:7)
2024-09-16 15:03:19,080 [INFO] PluginManage:302 - Check plugin tutovideos
2024-09-16 15:03:19,212 [INFO] PluginManage:352 - Loaded plugin tutovideos (category:base,tabindex:-1)
2024-09-16 15:03:19,212 [INFO] PluginManage:302 - Check plugin updater
2024-09-16 15:03:19,220 [INFO] PluginManage:352 - Loaded plugin updater (category:base,tabindex:12)
2024-09-16 15:03:19,221 [INFO] PluginManage:275 - PluginManage : Loaded plugins [13]
2024-09-16 15:03:19,324 [INFO] PinOutPanel:1463 - setPackage(No Configuration,No Configuration)
2024-09-16 15:03:19,377 [INFO] IPUIPlugin:74 - create IPUIPlugin
2024-09-16 15:03:19,377 [INFO] PluginManager:213 - loadIPPluginJar : add adc
2024-09-16 15:03:19,379 [INFO] IPUIPlugin:74 - create IPUIPlugin
2024-09-16 15:03:19,379 [INFO] PluginManager:213 - loadIPPluginJar : add aes
2024-09-16 15:03:19,380 [INFO] IPUIPlugin:74 - create IPUIPlugin
2024-09-16 15:03:19,381 [INFO] PluginManager:213 - loadIPPluginJar : add can
2024-09-16 15:03:19,382 [INFO] IPUIPlugin:74 - create IPUIPlugin
2024-09-16 15:03:19,382 [INFO] PluginManager:213 - loadIPPluginJar : add comp
2024-09-16 15:03:19,383 [INFO] IPUIPlugin:74 - create IPUIPlugin
2024-09-16 15:03:19,383 [INFO] PluginManager:213 - loadIPPluginJar : add cryp
2024-09-16 15:03:19,384 [INFO] IPUIPlugin:74 - create IPUIPlugin
2024-09-16 15:03:19,385 [INFO] PluginManager:213 - loadIPPluginJar : add dfsdm
2024-09-16 15:03:19,388 [INFO] IPUIPlugin:74 - create IPUIPlugin
2024-09-16 15:03:19,389 [INFO] PluginManager:213 - loadIPPluginJar : add dma
2024-09-16 15:03:19,390 [INFO] IPUIPlugin:74 - create IPUIPlugin
2024-09-16 15:03:19,390 [INFO] PluginManager:213 - loadIPPluginJar : add dma3
2024-09-16 15:03:19,391 [INFO] IPUIPlugin:74 - create IPUIPlugin
2024-09-16 15:03:19,391 [INFO] PluginManager:213 - loadIPPluginJar : add fatfs
2024-09-16 15:03:19,393 [INFO] IPUIPlugin:74 - create IPUIPlugin
2024-09-16 15:03:19,394 [INFO] PluginManager:213 - loadIPPluginJar : add fmc
2024-09-16 15:03:19,397 [INFO] IPUIPlugin:74 - create IPUIPlugin
2024-09-16 15:03:19,397 [INFO] PluginManager:213 - loadIPPluginJar : add freertos
2024-09-16 15:03:19,398 [INFO] IPUIPlugin:74 - create IPUIPlugin
2024-09-16 15:03:19,398 [INFO] PluginManager:213 - loadIPPluginJar : add genericplugin
2024-09-16 15:03:19,399 [INFO] IPUIPlugin:74 - create IPUIPlugin
2024-09-16 15:03:19,400 [INFO] PluginManager:213 - loadIPPluginJar : add gfxmmu
2024-09-16 15:03:19,403 [INFO] IPUIPlugin:74 - create IPUIPlugin
2024-09-16 15:03:19,403 [INFO] PluginManager:213 - loadIPPluginJar : add gic
2024-09-16 15:03:19,405 [INFO] IPUIPlugin:74 - create IPUIPlugin
2024-09-16 15:03:19,405 [INFO] PluginManager:213 - loadIPPluginJar : add gpio
2024-09-16 15:03:19,407 [INFO] IPUIPlugin:74 - create IPUIPlugin
2024-09-16 15:03:19,407 [INFO] PluginManager:213 - loadIPPluginJar : add gtzc
2024-09-16 15:03:19,408 [INFO] IPUIPlugin:74 - create IPUIPlugin
2024-09-16 15:03:19,409 [INFO] PluginManager:213 - loadIPPluginJar : add hash
2024-09-16 15:03:19,410 [INFO] IPUIPlugin:74 - create IPUIPlugin
2024-09-16 15:03:19,410 [INFO] PluginManager:213 - loadIPPluginJar : add i2c
2024-09-16 15:03:19,412 [INFO] IPUIPlugin:74 - create IPUIPlugin
2024-09-16 15:03:19,412 [INFO] PluginManager:213 - loadIPPluginJar : add i2s
2024-09-16 15:03:19,413 [INFO] IPUIPlugin:74 - create IPUIPlugin
2024-09-16 15:03:19,414 [INFO] PluginManager:213 - loadIPPluginJar : add ipddr
2024-09-16 15:03:19,418 [INFO] IPUIPlugin:74 - create IPUIPlugin
2024-09-16 15:03:19,418 [INFO] PluginManager:213 - loadIPPluginJar : add linkedlist
2024-09-16 15:03:19,419 [INFO] IPUIPlugin:74 - create IPUIPlugin
2024-09-16 15:03:19,419 [INFO] PluginManager:213 - loadIPPluginJar : add lorawan
2024-09-16 15:03:19,420 [INFO] IPUIPlugin:74 - create IPUIPlugin
2024-09-16 15:03:19,420 [INFO] PluginManager:213 - loadIPPluginJar : add ltdc
2024-09-16 15:03:19,423 [INFO] IPUIPlugin:74 - create IPUIPlugin
2024-09-16 15:03:19,423 [INFO] PluginManager:213 - loadIPPluginJar : add mdma
2024-09-16 15:03:19,425 [INFO] IPUIPlugin:74 - create IPUIPlugin
2024-09-16 15:03:19,425 [INFO] PluginManager:213 - loadIPPluginJar : add nvic
2024-09-16 15:03:19,427 [INFO] IPUIPlugin:74 - create IPUIPlugin
2024-09-16 15:03:19,427 [INFO] PluginManager:213 - loadIPPluginJar : add opamp
2024-09-16 15:03:19,429 [INFO] IPUIPlugin:74 - create IPUIPlugin
2024-09-16 15:03:19,429 [INFO] PluginManager:213 - loadIPPluginJar : add openamp
2024-09-16 15:03:19,431 [INFO] IPUIPlugin:74 - create IPUIPlugin
2024-09-16 15:03:19,431 [INFO] PluginManager:213 - loadIPPluginJar : add pdm2pcm
2024-09-16 15:03:19,435 [INFO] IPUIPlugin:74 - create IPUIPlugin
2024-09-16 15:03:19,437 [INFO] PluginManager:213 - loadIPPluginJar : add plateformsettings
2024-09-16 15:03:19,438 [INFO] IPUIPlugin:74 - create IPUIPlugin
2024-09-16 15:03:19,438 [INFO] PluginManager:213 - loadIPPluginJar : add quadspi
2024-09-16 15:03:19,440 [INFO] IPUIPlugin:74 - create IPUIPlugin
2024-09-16 15:03:19,440 [INFO] PluginManager:213 - loadIPPluginJar : add resmgrutility
2024-09-16 15:03:19,442 [INFO] IPUIPlugin:74 - create IPUIPlugin
2024-09-16 15:03:19,442 [INFO] PluginManager:213 - loadIPPluginJar : add sai
2024-09-16 15:03:19,443 [INFO] IPUIPlugin:74 - create IPUIPlugin
2024-09-16 15:03:19,443 [INFO] PluginManager:213 - loadIPPluginJar : add spi
2024-09-16 15:03:19,446 [INFO] IPUIPlugin:74 - create IPUIPlugin
2024-09-16 15:03:19,446 [INFO] PluginManager:213 - loadIPPluginJar : add stm32_wpan
2024-09-16 15:03:19,447 [INFO] IPUIPlugin:74 - create IPUIPlugin
2024-09-16 15:03:19,447 [INFO] PluginManager:213 - loadIPPluginJar : add tim
2024-09-16 15:03:19,449 [INFO] IPUIPlugin:74 - create IPUIPlugin
2024-09-16 15:03:19,449 [INFO] PluginManager:213 - loadIPPluginJar : add touchsensing
2024-09-16 15:03:19,450 [INFO] IPUIPlugin:74 - create IPUIPlugin
2024-09-16 15:03:19,450 [INFO] PluginManager:213 - loadIPPluginJar : add tracer_emb
2024-09-16 15:03:19,451 [INFO] IPUIPlugin:74 - create IPUIPlugin
2024-09-16 15:03:19,451 [INFO] PluginManager:213 - loadIPPluginJar : add ts
2024-09-16 15:03:19,452 [INFO] IPUIPlugin:74 - create IPUIPlugin
2024-09-16 15:03:19,452 [INFO] PluginManager:213 - loadIPPluginJar : add tsc
2024-09-16 15:03:19,453 [INFO] IPUIPlugin:74 - create IPUIPlugin
2024-09-16 15:03:19,453 [INFO] PluginManager:213 - loadIPPluginJar : add ucpd
2024-09-16 15:03:19,455 [INFO] IPUIPlugin:74 - create IPUIPlugin
2024-09-16 15:03:19,456 [INFO] PluginManager:213 - loadIPPluginJar : add usart
2024-09-16 15:03:19,457 [INFO] IPUIPlugin:74 - create IPUIPlugin
2024-09-16 15:03:19,457 [INFO] PluginManager:213 - loadIPPluginJar : add usbx
2024-09-16 15:03:19,710 [FATAL] Updater:294 - Updater called before beeing initialized
2024-09-16 15:03:19,783 [FATAL] Updater:294 - Updater called before beeing initialized
2024-09-16 15:03:19,786 [INFO] DbMcusAds:47 - JSON generation date=Thu May 16 16:22:00 ICT 2024 (1715851320667)
2024-09-16 15:03:19,786 [FATAL] Updater:294 - Updater called before beeing initialized
2024-09-16 15:03:19,813 [WARN] DetailPanel:314 - Failed to get advertising image, set to default
2024-09-16 15:03:19,878 [FATAL] Updater:294 - Updater called before beeing initialized
2024-09-16 15:03:19,880 [FATAL] Updater:294 - Updater called before beeing initialized
2024-09-16 15:03:19,880 [FATAL] Updater:294 - Updater called before beeing initialized
2024-09-16 15:03:19,880 [WARN] DetailPanel:314 - Failed to get advertising image, set to default
2024-09-16 15:03:19,881 [FATAL] Updater:294 - Updater called before beeing initialized
2024-09-16 15:03:19,916 [ERROR] Updater:1075 - MainUpdater not yet initialized. External WinMGr cannot be set.
2024-09-16 15:03:19,917 [INFO] Updater:1012 - Updater Version found : 6.3.0
2024-09-16 15:03:19,929 [INFO] ApplicationProperties:181 - Using Application install path: C:\ST\STM32CubeIDE_1.7.0\STM32CubeIDE\plugins\com.st.stm32cube.common.mx_6.3.0.202107141111
2024-09-16 15:03:20,441 [INFO] MainUpdater:2671 - connection check result : 10
2024-09-16 15:03:20,441 [INFO] MainUpdater:265 - Updater Check For Update Now.
2024-09-16 15:03:20,441 [INFO] MicroXplorer:478 - Change Database Version : DB.6.0.30
2024-09-16 15:03:20,597 [INFO] CheckServerUpdateThread:112 - End of CheckServer Thread
2024-09-16 15:03:20,657 [INFO] MainUpdater:2671 - connection check result : 10
2024-09-16 15:03:20,823 [INFO] McuFinderGlobals:52 - Set McuFinderConnectedMode to false
2024-09-16 15:03:20,897 [INFO] CrossSelectorPresenter:1330 - Cross Selector saved comparison directory: C:\Users\Ngo Truc Linh\.stmcufinder\plugins\mcufinder\mcu\cs_comparisons_mx
2024-09-16 15:03:20,900 [INFO] MultiScanPanel:197 - Auto-refresh data requested => check proxy status ongoing
2024-09-16 15:03:20,901 [INFO] MultiScanPanel:201 - Proxy status is invalid
2024-09-16 15:03:20,903 [INFO] FinderPluginLoader:87 - Searching for filters in installed packs
2024-09-16 15:03:20,904 [INFO] DbMcusXml:100 - Load MCU database from C:\ST\STM32CubeIDE_1.7.0\STM32CubeIDE\plugins\com.st.stm32cube.common.mx_6.3.0.202107141111\\db\/mcu/families.xml
2024-09-16 15:03:21,542 [INFO] DbMcusJson:93 - JSON generation date=Tue Nov 16 23:17:54 ICT 2021 (1637079474)
2024-09-16 15:03:22,066 [INFO] DbMcus:175 - Found 1951 MCUs (1903 are supported by CubeMX, 1914 are visible in CubeMX)
2024-09-16 15:03:22,067 [INFO] ApiDb:251 - Load user favorites file C:\Users\Ngo Truc Linh/.stm32cubeide/favorites.mcus.txt: 0 item(s)
2024-09-16 15:03:22,067 [INFO] ApiDb:255 - User favorites MCUs=[]
2024-09-16 15:03:22,067 [INFO] DbMcus:187 - Set 0 / 0 favorites MCUs
2024-09-16 15:03:22,194 [ERROR] Engine:463 - C:\Users\Ngo Truc Linh\.stm32cubemx\thirdparties\pdsc\STMicroelectronics.FP-SNS-MOTENVWB1.1.4.0.pdsc: PDSC version is not supported
2024-09-16 15:03:22,197 [ERROR] Engine:463 - C:\Users\Ngo Truc Linh\.stm32cubemx\thirdparties\pdsc\STMicroelectronics.X-CUBE-SMBUS.2.1.0.pdsc: PDSC version is not supported
2024-09-16 15:03:22,240 [WARN] PackLoader:238 - Cannot read IP mode file for STMicroelectronics.X-CUBE-AZRTOS-F7.1.1.0
2024-09-16 15:03:22,298 [WARN] PackLoader:238 - Cannot read IP mode file for STMicroelectronics.X-CUBE-MEMS1.11.0.0
2024-09-16 15:03:22,443 [ERROR] Engine:463 - C:\Users\Ngo Truc Linh\.stm32cubemx\thirdparties\pdsc\STMicroelectronics.FP-SNS-FLIGHT1.5.0.2.pdsc: PDSC version is not supported
2024-09-16 15:03:22,445 [ERROR] Engine:463 - C:\Users\Ngo Truc Linh\.stm32cubemx\thirdparties\pdsc\STMicroelectronics.X-CUBE-DISPLAY.3.0.0.pdsc: PDSC version is not supported
2024-09-16 15:03:22,460 [INFO] DetailPanel:309 - Set advertising image to C:/Users/Ngo Truc Linh/STM32Cube/Repository/\en.prom-stm32h7rs-mcu-finder.jpg
2024-09-16 15:03:22,461 [WARN] PackLoader:238 - Cannot read IP mode file for STMicroelectronics.X-CUBE-BLE1.7.0.0
2024-09-16 15:03:22,462 [ERROR] Engine:463 - C:\Users\Ngo Truc Linh\.stm32cubemx\thirdparties\pdsc\emotas.I-CUBE-CANOPEN.1.3.0.pdsc: PDSC version is not supported
2024-09-16 15:03:22,464 [ERROR] Engine:463 - C:\Users\Ngo Truc Linh\.stm32cubemx\thirdparties\pdsc\STMicroelectronics.X-CUBE-BLEMGR.3.1.0.pdsc: PDSC version is not supported
2024-09-16 15:03:22,466 [ERROR] Engine:463 - C:\Users\Ngo Truc Linh\.stm32cubemx\thirdparties\pdsc\STMicroelectronics.FP-SNS-SMARTAG2.1.2.0.pdsc: PDSC version is not supported
2024-09-16 15:03:22,473 [INFO] LogOutputStream:76 - [STDOUT_REDIRECT] 1 : Invalid condition id : UX_CORESTACK_Condition cause : null
2024-09-16 15:03:22,474 [INFO] LogOutputStream:76 - [STDOUT_REDIRECT] 1 : Invalid condition id : UX_CORESTACK_Condition cause : null
2024-09-16 15:03:22,477 [INFO] LogOutputStream:76 - [STDOUT_REDIRECT] 1 : Invalid condition id : UX_CORESTACK_Condition cause : null
2024-09-16 15:03:22,478 [INFO] LogOutputStream:76 - [STDOUT_REDIRECT] 1 : Invalid condition id : UX_CORESTACK_Condition cause : null
2024-09-16 15:03:22,479 [INFO] LogOutputStream:76 - [STDOUT_REDIRECT] 1 : Invalid condition id : UX_CORESTACK_Condition cause : null
2024-09-16 15:03:22,481 [WARN] PackLoader:238 - Cannot read IP mode file for STMicroelectronics.X-CUBE-AZRTOS-WL.2.0.0
2024-09-16 15:03:22,484 [ERROR] Engine:463 - C:\Users\Ngo Truc Linh\.stm32cubemx\thirdparties\pdsc\STMicroelectronics.FP-SNS-MOTENV1.5.0.0.pdsc: PDSC version is not supported
2024-09-16 15:03:22,486 [WARN] PackLoader:238 - Cannot read IP mode file for wolfSSL.I-CUBE-wolfMQTT.1.19.0
2024-09-16 15:03:22,491 [WARN] PackLoader:238 - Cannot read IP mode file for WES.I-CUBE-Cesium.1.3.0
2024-09-16 15:03:22,494 [WARN] PackLoader:238 - Cannot read IP mode file for STMicroelectronics.X-CUBE-BLE2.3.3.0
2024-09-16 15:03:22,496 [ERROR] Engine:463 - C:\Users\Ngo Truc Linh\.stm32cubemx\thirdparties\pdsc\STMicroelectronics.X-CUBE-TCPP.4.1.0.pdsc: PDSC version is not supported
2024-09-16 15:03:22,509 [WARN] PackLoader:238 - Cannot read IP mode file for STMicroelectronics.X-CUBE-AZRTOS-G0.1.1.0
2024-09-16 15:03:22,519 [WARN] PackLoader:238 - Cannot read IP mode file for STMicroelectronics.X-CUBE-SAFEA1.1.2.2
2024-09-16 15:03:22,523 [WARN] PackLoader:238 - Cannot read IP mode file for STMicroelectronics.X-CUBE-NFC4.3.0.0
2024-09-16 15:03:22,525 [ERROR] Engine:463 - C:\Users\Ngo Truc Linh\.stm32cubemx\thirdparties\pdsc\EmbeddedOffice.I-CUBE-FS-RTOS.1.0.1.pdsc: PDSC version is not supported
2024-09-16 15:03:22,526 [ERROR] Engine:463 - C:\Users\Ngo Truc Linh\.stm32cubemx\thirdparties\pdsc\RealThread.X-CUBE-RT-Thread_Nano.4.1.1.pdsc: PDSC version is not supported
2024-09-16 15:03:22,528 [WARN] PackLoader:238 - Cannot read IP mode file for STMicroelectronics.FP-ATR-SIGFOX1.3.2.0
2024-09-16 15:03:22,531 [WARN] PackLoader:238 - Cannot read IP mode file for wolfSSL.I-CUBE-wolfSSL.5.7.2
2024-09-16 15:03:22,534 [WARN] PackLoader:238 - Cannot read IP mode file for STMicroelectronics.X-CUBE-EEPRMA1.5.1.0
2024-09-16 15:03:22,538 [ERROR] Engine:463 - C:\Users\Ngo Truc Linh\.stm32cubemx\thirdparties\pdsc\ITTIA_DB.I-CUBE-ITTIADB.8.9.0.pdsc: PDSC version is not supported
2024-09-16 15:03:22,568 [WARN] PackLoader:238 - Cannot read IP mode file for SEGGER.I-CUBE-embOS.1.3.1
2024-09-16 15:03:22,620 [WARN] PackLoader:238 - Cannot read IP mode file for STMicroelectronics.X-CUBE-ALGOBUILD.1.4.0
2024-09-16 15:03:22,625 [WARN] PackLoader:238 - Cannot read IP mode file for STMicroelectronics.X-CUBE-GNSS1.6.0.0
2024-09-16 15:03:22,647 [WARN] PackLoader:238 - Cannot read IP mode file for STMicroelectronics.X-CUBE-AZRTOS-F4.1.1.0
2024-09-16 15:03:22,651 [ERROR] Engine:463 - C:\Users\Ngo Truc Linh\.stm32cubemx\thirdparties\pdsc\STMicroelectronics.X-CUBE-FREERTOS.1.2.0.pdsc: PDSC version is not supported
2024-09-16 15:03:22,670 [WARN] PackLoader:238 - Cannot read IP mode file for STMicroelectronics.X-CUBE-AZRTOS-L5.2.0.0
2024-09-16 15:03:22,677 [WARN] PackLoader:238 - Cannot read IP mode file for STMicroelectronics.X-CUBE-NFC6.3.1.0
2024-09-16 15:03:22,687 [ERROR] Engine:463 - C:\Users\Ngo Truc Linh\.stm32cubemx\thirdparties\pdsc\STMicroelectronics.X-CUBE-DPower.1.2.0.pdsc: PDSC version is not supported
2024-09-16 15:03:22,690 [WARN] PackLoader:238 - Cannot read IP mode file for STMicroelectronics.X-CUBE-AI.9.0.0
2024-09-16 15:03:22,693 [WARN] PackLoader:238 - Cannot read IP mode file for STMicroelectronics.X-CUBE-NFC7.1.0.1
2024-09-16 15:03:22,708 [WARN] ConditionMgr:437 - getConditionDescription Invalid condition id : LAN8742 Phy interface Condition cause : null
2024-09-16 15:03:22,710 [WARN] PackLoader:238 - Cannot read IP mode file for STMicroelectronics.X-CUBE-AZRTOS-L4.2.0.0
2024-09-16 15:03:22,711 [WARN] ConditionMgr:1038 - genDependencies : Invalid condition id : LAN8742 Phy interface Condition cause : null
2024-09-16 15:03:22,711 [WARN] ConditionMgr:1038 - genDependencies : Invalid condition id : LAN8742 Phy interface Condition cause : null
2024-09-16 15:03:22,711 [WARN] ConditionMgr:1038 - genDependencies : Invalid condition id : LAN8742 Phy interface Condition cause : null
2024-09-16 15:03:22,725 [WARN] PackLoader:238 - Cannot read IP mode file for STMicroelectronics.X-CUBE-SFXS2LP1.4.0.0
2024-09-16 15:03:22,743 [WARN] PackLoader:238 - Cannot read IP mode file for STMicroelectronics.X-CUBE-AZRTOS-H7.3.3.0
2024-09-16 15:03:22,759 [WARN] ConditionMgr:437 - getConditionDescription Invalid condition id : UX DEVICE CLASS RTOS Condition cause : null
2024-09-16 15:03:22,759 [WARN] ConditionMgr:437 - getConditionDescription Invalid condition id : UX DEVICE CLASS RTOS Condition cause : null
2024-09-16 15:03:22,761 [WARN] PackLoader:238 - Cannot read IP mode file for STMicroelectronics.X-CUBE-AZRTOS-WB.2.0.0
2024-09-16 15:03:22,761 [WARN] ConditionMgr:1038 - genDependencies : Invalid condition id : UX DEVICE CLASS RTOS Condition cause : null
2024-09-16 15:03:22,761 [WARN] ConditionMgr:1038 - genDependencies : Invalid condition id : UX DEVICE CLASS RTOS Condition cause : null
2024-09-16 15:03:22,762 [WARN] ConditionMgr:1038 - genDependencies : Invalid condition id : UX DEVICE CLASS RTOS Condition cause : null
2024-09-16 15:03:22,762 [WARN] ConditionMgr:1038 - genDependencies : Invalid condition id : UX DEVICE CLASS RTOS Condition cause : null
2024-09-16 15:03:22,762 [WARN] ConditionMgr:1038 - genDependencies : Invalid condition id : UX DEVICE CLASS RTOS Condition cause : null
2024-09-16 15:03:22,765 [WARN] PackLoader:238 - Cannot read IP mode file for STMicroelectronics.X-CUBE-GNSS1.7.0.0
2024-09-16 15:03:22,768 [ERROR] Engine:463 - C:\Users\Ngo Truc Linh\.stm32cubemx\thirdparties\pdsc\STMicroelectronics.FP-SNS-STBOX1.2.0.0.pdsc: PDSC version is not supported
2024-09-16 15:03:22,775 [WARN] PackLoader:238 - Cannot read IP mode file for STMicroelectronics.X-CUBE-SUBG2.5.0.0
2024-09-16 15:03:22,785 [ERROR] Engine:463 - C:\Users\Ngo Truc Linh\.stm32cubemx\thirdparties\pdsc\Cesanta.I-CUBE-Mongoose.7.13.0.pdsc: PDSC version is not supported
2024-09-16 15:03:22,798 [WARN] PackLoader:238 - Cannot read IP mode file for STMicroelectronics.X-CUBE-AZRTOS-G4.2.0.0
2024-09-16 15:03:22,803 [WARN] PackLoader:238 - Cannot read IP mode file for STMicroelectronics.X-CUBE-ISPU.2.0.0
2024-09-16 15:03:22,805 [ERROR] Engine:463 - C:\Users\Ngo Truc Linh\.stm32cubemx\thirdparties\pdsc\STMicroelectronics.X-CUBE-ALS.1.0.2.pdsc: PDSC version is not supported
2024-09-16 15:03:22,807 [WARN] PackLoader:238 - Cannot read IP mode file for STMicroelectronics.X-CUBE-TOUCHGFX.4.24.0
2024-09-16 15:03:22,816 [WARN] PackLoader:238 - Cannot read IP mode file for wolfSSL.I-CUBE-wolfTPM.3.4.0
2024-09-16 15:03:22,820 [WARN] PackLoader:238 - Cannot read IP mode file for portGmbH.I-Cube-SoM-uGOAL.1.1.0
2024-09-16 15:03:22,820 [INFO] DbBoardsPdsc:90 - Found 25 items
2024-09-16 15:03:22,821 [INFO] DbBoardsPdsc:90 - Found 9 items
2024-09-16 15:03:22,824 [INFO] DbBoardsPdsc:90 - Found 33 items
2024-09-16 15:03:22,824 [INFO] DbBoardsPdsc:90 - Found 1 items
2024-09-16 15:03:22,831 [INFO] DbBoardsPdsc:90 - Found 48 items
2024-09-16 15:03:22,839 [INFO] DbBoardsPdsc:90 - Found 43 items
2024-09-16 15:03:22,840 [WARN] PackLoader:238 - Cannot read IP mode file for STMicroelectronics.X-CUBE-AZRTOS-H7RS.1.0.0
2024-09-16 15:03:22,841 [INFO] DbBoardsPdsc:90 - Found 2 items
2024-09-16 15:03:22,842 [INFO] DbBoardsPdsc:90 - Found 5 items
2024-09-16 15:03:22,850 [WARN] PackLoader:238 - Cannot read IP mode file for STMicroelectronics.FP-ATR-ASTRA1.2.0.0
2024-09-16 15:03:22,850 [WARN] DbBoardsPdsc:254 - Board STM32H7B3I-DK: unknown feature type=Audio, name=, username=Audio stereo codec with Headphone Amp (CS42L51-CNZ), n=1
2024-09-16 15:03:22,851 [WARN] DbBoardsPdsc:254 - Board STM32H735G-DK: unknown feature type=Audio, name=, username=Audio stereo codec with Headphone Amp (WM8994ECS/R), n=1
2024-09-16 15:03:22,852 [WARN] DbBoardsPdsc:254 - Board STM32H7B3I-EVAL: unknown feature type=Audio, name=, username=Multi-Channel Audio Codec (CS42L51-CNZ), n=1
2024-09-16 15:03:22,852 [WARN] DbBoardsPdsc:254 - Board STM32H7B3I-EVAL: unknown feature type=Meter, name=, username=Power-metering and Temperature-monitoring with sigma-delta modulators, n=1
2024-09-16 15:03:22,852 [WARN] DbBoardsPdsc:254 - Board STM32H7B3I-EVAL: unknown feature type=Motor, name=, username=Motor Control, n=1
2024-09-16 15:03:22,852 [WARN] DbBoardsPdsc:254 - Board STM32U575I-EV: unknown feature type=joystick, name=, username=4-direction joystick with selection button, n=1
2024-09-16 15:03:22,854 [ERROR] Engine:463 - C:\Users\Ngo Truc Linh\.stm32cubemx\thirdparties\pdsc\STMicroelectronics.X-CUBE-TOF1.3.4.2.pdsc: PDSC version is not supported
2024-09-16 15:03:22,858 [ERROR] Engine:463 - C:\Users\Ngo Truc Linh\.stm32cubemx\thirdparties\pdsc\Infineon.AIROC-Wi-Fi-Bluetooth-STM32.1.6.1.pdsc: PDSC version is not supported
2024-09-16 15:03:22,861 [WARN] PackLoader:238 - Cannot read IP mode file for wolfSSL.I-CUBE-wolfSSH.1.4.17
2024-09-16 15:03:22,861 [INFO] ThirdParty:915 - Integrity check success = true
2024-09-16 15:03:22,861 [INFO] IntegrityCheckThread:94 - exiting critical section [integrity check]
2024-09-16 15:03:22,861 [INFO] IntegrityCheckThread:97 - End integrity checks thread
2024-09-16 15:03:22,866 [INFO] DbBoardsJson:86 - JSON generation date=Tue Nov 16 23:17:54 ICT 2021 (1637079474)
2024-09-16 15:03:22,870 [INFO] DbBoards:117 - Found 167 boards (163 are supported by CubeMX)
2024-09-16 15:03:22,872 [INFO] DbBoardsDocs:143 - JSON generation date=Tue Nov 16 23:17:54 ICT 2021 (1637079474)
2024-09-16 15:03:22,875 [INFO] DbBoardsDocs:79 - Found 209 boards documents
2024-09-16 15:03:22,875 [WARN] DbBoards:127 - board B-L475E-IOT01A2 has no document id list !
2024-09-16 15:03:22,876 [WARN] DbBoards:127 - board NUCLEO-H743ZI has no document id list !
2024-09-16 15:03:22,876 [WARN] DbBoards:127 - board NUCLEO-WL55JC2 has no document id list !
2024-09-16 15:03:22,877 [WARN] DbBoards:127 - board P-NUCLEO-WB55-Nucleo has no document id list !
2024-09-16 15:03:22,877 [WARN] DbBoards:127 - board P-NUCLEO-WB55-USBDongle has no document id list !
2024-09-16 15:03:22,877 [WARN] DbBoards:127 - board STEVAL-BFA001V1B has no document id list !
2024-09-16 15:03:22,877 [WARN] DbBoards:127 - board STEVAL-BFA001V2B has no document id list !
2024-09-16 15:03:22,877 [WARN] DbBoards:127 - board STEVAL-IDP005V1 has no document id list !
2024-09-16 15:03:22,877 [WARN] DbBoards:127 - board STEVAL-IDP005V2 has no document id list !
2024-09-16 15:03:22,877 [WARN] DbBoards:127 - board STEVAL-MKSBOX1V1 has no document id list !
2024-09-16 15:03:22,877 [WARN] DbBoards:127 - board STEVAL-STWINKT1 has no document id list !
2024-09-16 15:03:22,877 [WARN] DbBoards:127 - board STEVAL-STWINKT1B has no document id list !
2024-09-16 15:03:22,877 [WARN] DbBoards:127 - board STM32439I-EVAL2 has no document id list !
2024-09-16 15:03:22,877 [WARN] DbBoards:127 - board STM32F401C-DISCO has no document id list !
2024-09-16 15:03:22,878 [WARN] DbBoards:127 - board STM32F769I-DISC1 has no document id list !
2024-09-16 15:03:22,878 [WARN] DbBoards:127 - board STM32G474E-EVAL1 has no document id list !
2024-09-16 15:03:22,878 [WARN] DbBoards:127 - board STM32H743I-EVAL2 has no document id list !
2024-09-16 15:03:22,878 [WARN] DbBoards:127 - board STM32H747I-DISC1 has no document id list !
2024-09-16 15:03:22,878 [WARN] DbBoards:127 - board STM32H753I-EVAL2 has no document id list !
2024-09-16 15:03:22,878 [WARN] DbBoards:127 - board STM32L-DISCOVERY has no document id list !
2024-09-16 15:03:22,979 [ERROR] DbBoards:189 - Image file not found for board B-U585I-IOT02A: C:\ST\STM32CubeIDE_1.7.0\STM32CubeIDE\plugins\com.st.stm32cube.common.mx_6.3.0.202107141111\\db\/plugins/mcufinder/images/boards/B-U585I-IOT02A_small.jpg
2024-09-16 15:03:23,060 [ERROR] DbBoards:189 - Image file not found for board NUCLEO-F413ZH: C:\ST\STM32CubeIDE_1.7.0\STM32CubeIDE\plugins\com.st.stm32cube.common.mx_6.3.0.202107141111\\db\/plugins/mcufinder/images/boards/nucleo-f413zh_small.jpg
2024-09-16 15:03:23,215 [ERROR] DbBoards:189 - Image file not found for board NUCLEO-L552ZE-Q: C:\ST\STM32CubeIDE_1.7.0\STM32CubeIDE\plugins\com.st.stm32cube.common.mx_6.3.0.202107141111\\db\/plugins/mcufinder/images/boards/nucleo_l552ze_q_small.jpg
2024-09-16 15:03:23,216 [ERROR] DbBoards:189 - Image file not found for board NUCLEO-U575ZI-Q: C:\ST\STM32CubeIDE_1.7.0\STM32CubeIDE\plugins\com.st.stm32cube.common.mx_6.3.0.202107141111\\db\/plugins/mcufinder/images/boards/nucleo-u575zi-q_small.jpg
2024-09-16 15:03:23,216 [ERROR] DbBoards:189 - Image file not found for board NUCLEO-WB15CC: C:\ST\STM32CubeIDE_1.7.0\STM32CubeIDE\plugins\com.st.stm32cube.common.mx_6.3.0.202107141111\\db\/plugins/mcufinder/images/boards/nucleo-wb15cc_small.jpg
2024-09-16 15:03:23,216 [ERROR] DbBoards:189 - Image file not found for board NUCLEO-WB55RG: C:\ST\STM32CubeIDE_1.7.0\STM32CubeIDE\plugins\com.st.stm32cube.common.mx_6.3.0.202107141111\\db\/plugins/mcufinder/images/boards/nucleo-wb55rg_small.jpg
2024-09-16 15:03:24,074 [INFO] ApiDb:251 - Load user favorites file C:\Users\Ngo Truc Linh/.stm32cubeide/favorites.boards.txt: 0 item(s)
2024-09-16 15:03:24,074 [INFO] ApiDb:255 - User favorites Boards=[]
2024-09-16 15:03:24,074 [INFO] DbBoards:206 - Set 0 / 0 favorites Boards
2024-09-16 15:03:41,249 [INFO] DbMcusDocs:143 - JSON generation date=Tue Nov 16 23:17:54 ICT 2021 (1637079474)
2024-09-16 15:03:41,533 [INFO] DbMcusDocs:79 - Found 682 MCUs documents
2024-09-16 15:04:02,953 [INFO] MainUpdater:2671 - connection check result : 10
2024-09-16 15:04:02,953 [INFO] MainUpdater:2671 - connection check result : 10
2024-09-16 15:04:02,996 [INFO] MicroXplorer:448 - Change Database Path : 
2024-09-16 15:04:02,996 [INFO] MicroXplorer:478 - Change Database Version : DB.6.0.30
2024-09-16 15:04:02,997 [WARN] ThirdParty:813 - waiting for thirdparty lock release [close project]
2024-09-16 15:04:02,997 [INFO] ThirdParty:815 - entering critical section [close project]
2024-09-16 15:04:02,997 [INFO] ThirdParty:825 - exiting critical section [close project]
2024-09-16 15:04:03,000 [INFO] PinOutPanel:1463 - setPackage(No Configuration,No Configuration)
2024-09-16 15:04:03,001 [INFO] UtilMem:74 - Begin LoadConfig() Used Memory: 554934608 Bytes (616562688)
2024-09-16 15:04:03,002 [INFO] MicroXplorer:448 - Change Database Path : 
2024-09-16 15:04:03,002 [INFO] MicroXplorer:478 - Change Database Version : DB.6.0.30
2024-09-16 15:04:03,002 [INFO] OpenFileManager:313 - Change cursor
2024-09-16 15:04:03,546 [INFO] Context:592 - Trying to add GPIOservice into a context  which must be forbidden
2024-09-16 15:04:03,719 [INFO] ImportTextPane:167 - (OptionalMessage_ERROR) Unable to find key (Mcu.ThirdPartyNb) in loaded IOC file
2024-09-16 15:04:03,719 [INFO] ImportTextPane:167 - (OptionalMessage_ERROR) Unable to find key (Mcu.PinsNb) in loaded IOC file
2024-09-16 15:04:03,719 [INFO] ImportTextPane:167 - (OptionalMessage_ERROR) Unable to find key (Mcu.IPNb) in loaded IOC file
2024-09-16 15:04:03,761 [WARN] ApiManager:304 - Cannot register API 'Board Extension:GNSS1A1' from pack STMicroelectronics.X-CUBE-GNSS1.6.0.0: no header file found
2024-09-16 15:04:03,761 [WARN] ApiManager:304 - Cannot register API 'Board Support:Custom' from pack STMicroelectronics.X-CUBE-GNSS1.6.0.0: no header file found
2024-09-16 15:04:03,761 [WARN] ApiManager:304 - Cannot register API 'Data Exchange:lib_gnss' from pack STMicroelectronics.X-CUBE-GNSS1.6.0.0: no header file found
2024-09-16 15:04:03,766 [WARN] ApiManager:304 - Cannot register API 'Board Extension:GNSS1A1' from pack STMicroelectronics.X-CUBE-GNSS1.7.0.0: no header file found
2024-09-16 15:04:03,766 [WARN] ApiManager:304 - Cannot register API 'Board Support:Custom' from pack STMicroelectronics.X-CUBE-GNSS1.7.0.0: no header file found
2024-09-16 15:04:03,766 [WARN] ApiManager:304 - Cannot register API 'Data Exchange:lib_gnss' from pack STMicroelectronics.X-CUBE-GNSS1.7.0.0: no header file found
2024-09-16 15:04:03,772 [WARN] ApiManager:304 - Cannot register API 'Board Extension:NFC06A1' from pack STMicroelectronics.X-CUBE-NFC6.3.1.0: no header file found
2024-09-16 15:04:03,772 [WARN] ApiManager:304 - Cannot register API 'Board Extension:NFC08A1' from pack STMicroelectronics.X-CUBE-NFC6.3.1.0: no header file found
2024-09-16 15:04:03,920 [WARN] ApiManager:304 - Cannot register API 'Board Extension:IKS01A3' from pack STMicroelectronics.X-CUBE-MEMS1.11.0.0: no header file found
2024-09-16 15:04:03,920 [WARN] ApiManager:304 - Cannot register API 'Board Extension:IKS02A1' from pack STMicroelectronics.X-CUBE-MEMS1.11.0.0: no header file found
2024-09-16 15:04:03,920 [WARN] ApiManager:304 - Cannot register API 'Board Extension:IKS4A1' from pack STMicroelectronics.X-CUBE-MEMS1.11.0.0: no header file found
2024-09-16 15:04:03,927 [INFO] RtosManager:484 - Registered RTOS mode: class=CMSIS, group=RTOS, mode=CMSIS_V1, owner=FREERTOS
2024-09-16 15:04:03,927 [INFO] RtosManager:484 - Registered RTOS mode: class=CMSIS, group=RTOS2, mode=CMSIS_V2, owner=FREERTOS
2024-09-16 15:04:03,927 [INFO] RtosManager:484 - Registered RTOS mode: class=RTOS, group=Core, mode=CMSIS_V1, owner=FREERTOS
2024-09-16 15:04:03,927 [INFO] RtosManager:484 - Registered RTOS mode: class=RTOS, group=Core, mode=CMSIS_V2, owner=FREERTOS
2024-09-16 15:04:03,927 [WARN] ModelIntegratedComponent:181 - Missing modes for component STMicroelectronics:FreeRTOS:0.0.1:STMicroelectronics:RTOS:FreeRTOS:Core:::10.2.0:
2024-09-16 15:04:03,928 [WARN] ApiManager:304 - Cannot register API 'Board Extension:STSAFEA1' from pack STMicroelectronics.X-CUBE-SAFEA1.1.2.2: no header file found
2024-09-16 15:04:03,928 [WARN] ApiManager:304 - Cannot register API 'Board Part:STSAFEA110' from pack STMicroelectronics.X-CUBE-SAFEA1.1.2.2: no header file found
2024-09-16 15:04:03,928 [WARN] ApiManager:304 - Cannot register API 'Security:ST_Cryptolib' from pack STMicroelectronics.X-CUBE-SAFEA1.1.2.2: no header file found
2024-09-16 15:04:03,928 [WARN] ApiManager:304 - Cannot register API 'Security:MbedTLS' from pack STMicroelectronics.X-CUBE-SAFEA1.1.2.2: no header file found
2024-09-16 15:04:03,929 [WARN] ApiManager:304 - Cannot register API 'Board Extension:NFC04A1' from pack STMicroelectronics.X-CUBE-NFC4.3.0.0: no header file found
2024-09-16 15:04:03,932 [WARN] ApiManager:304 - Cannot register API 'Board Extension:S2868A1' from pack STMicroelectronics.X-CUBE-SUBG2.5.0.0: no header file found
2024-09-16 15:04:03,932 [WARN] ApiManager:304 - Cannot register API 'Board Extension:S2868A2' from pack STMicroelectronics.X-CUBE-SUBG2.5.0.0: no header file found
2024-09-16 15:04:03,932 [WARN] ApiManager:304 - Cannot register API 'Board Extension:S2915A1' from pack STMicroelectronics.X-CUBE-SUBG2.5.0.0: no header file found
2024-09-16 15:04:03,934 [WARN] ApiManager:304 - Cannot register API 'Wireless:BlueNRG-MS' from pack STMicroelectronics.X-CUBE-BLE1.7.0.0: no header file found
2024-09-16 15:04:03,935 [WARN] ApiManager:304 - Cannot register API 'Board Extension:EEPRMA2' from pack STMicroelectronics.X-CUBE-EEPRMA1.5.1.0: no header file found
2024-09-16 15:04:03,935 [WARN] ApiManager:304 - Cannot register API 'Board Extension:PGEEZ1' from pack STMicroelectronics.X-CUBE-EEPRMA1.5.1.0: no header file found
2024-09-16 15:04:03,935 [WARN] ApiManager:304 - Cannot register API 'Board Extension:EEICA1' from pack STMicroelectronics.X-CUBE-EEPRMA1.5.1.0: no header file found
2024-09-16 15:04:03,935 [WARN] ApiManager:304 - Cannot register API 'Board Part:M24' from pack STMicroelectronics.X-CUBE-EEPRMA1.5.1.0: no header file found
2024-09-16 15:04:03,935 [WARN] ApiManager:304 - Cannot register API 'Board Part:M95' from pack STMicroelectronics.X-CUBE-EEPRMA1.5.1.0: no header file found
2024-09-16 15:04:03,935 [WARN] ApiManager:304 - Cannot register API 'Board Part:M95P32' from pack STMicroelectronics.X-CUBE-EEPRMA1.5.1.0: no header file found
2024-09-16 15:04:03,935 [WARN] ApiManager:304 - Cannot register API 'Board Part:M24256E-F' from pack STMicroelectronics.X-CUBE-EEPRMA1.5.1.0: no header file found
2024-09-16 15:04:03,935 [WARN] ApiManager:304 - Cannot register API 'Board Part:M24M01E-F' from pack STMicroelectronics.X-CUBE-EEPRMA1.5.1.0: no header file found
2024-09-16 15:04:03,935 [WARN] ApiManager:304 - Cannot register API 'PGEEZ1:SPI' from pack STMicroelectronics.X-CUBE-EEPRMA1.5.1.0: no header file found
2024-09-16 15:04:03,935 [WARN] ApiManager:304 - Cannot register API 'PGEEZ1:QDSPI' from pack STMicroelectronics.X-CUBE-EEPRMA1.5.1.0: no header file found
2024-09-16 15:04:03,936 [WARN] ModelIntegratedComponent:60 - No mode defined for component null
2024-09-16 15:04:03,936 [WARN] ModelIntegratedComponent:60 - No mode defined for component null
2024-09-16 15:04:03,936 [WARN] ModelIntegratedComponent:60 - No mode defined for component null
2024-09-16 15:04:03,937 [WARN] ModelIntegratedComponent:60 - No mode defined for component null
2024-09-16 15:04:03,937 [WARN] ModelIntegratedComponent:60 - No mode defined for component null
2024-09-16 15:04:03,937 [WARN] ModelIntegratedComponent:60 - No mode defined for component null
2024-09-16 15:04:03,937 [WARN] ModelIntegratedComponent:60 - No mode defined for component null
2024-09-16 15:04:03,937 [WARN] ModelIntegratedComponent:60 - No mode defined for component null
2024-09-16 15:04:03,937 [WARN] ModelIntegratedComponent:60 - No mode defined for component null
2024-09-16 15:04:03,937 [WARN] ModelIntegratedComponent:60 - No mode defined for component null
2024-09-16 15:04:03,937 [WARN] ModelIntegratedComponent:60 - No mode defined for component null
2024-09-16 15:04:03,937 [WARN] ModelIntegratedComponent:60 - No mode defined for component null
2024-09-16 15:04:03,937 [WARN] ModelIntegratedComponent:60 - No mode defined for component null
2024-09-16 15:04:03,937 [WARN] ModelIntegratedComponent:60 - No mode defined for component null
2024-09-16 15:04:03,937 [WARN] ModelIntegratedComponent:60 - No mode defined for component null
2024-09-16 15:04:03,937 [WARN] ModelIntegratedComponent:60 - No mode defined for component null
2024-09-16 15:04:03,937 [WARN] ModelIntegratedComponent:60 - No mode defined for component null
2024-09-16 15:04:03,938 [WARN] ModelIntegratedComponent:60 - No mode defined for component null
2024-09-16 15:04:03,938 [WARN] ModelIntegratedComponent:60 - No mode defined for component null
2024-09-16 15:04:03,938 [WARN] ModelIntegratedComponent:60 - No mode defined for component null
2024-09-16 15:04:03,938 [WARN] ModelIntegratedComponent:60 - No mode defined for component null
2024-09-16 15:04:03,938 [WARN] ModelIntegratedComponent:60 - No mode defined for component null
2024-09-16 15:04:03,938 [WARN] ModelIntegratedComponent:60 - No mode defined for component null
2024-09-16 15:04:03,938 [WARN] ModelIntegratedComponent:60 - No mode defined for component null
2024-09-16 15:04:03,938 [WARN] ModelIntegratedComponent:60 - No mode defined for component null
2024-09-16 15:04:03,938 [WARN] ModelIntegratedComponent:60 - No mode defined for component null
2024-09-16 15:04:03,938 [WARN] ModelIntegratedComponent:60 - No mode defined for component null
2024-09-16 15:04:03,938 [WARN] ModelIntegratedComponent:60 - No mode defined for component null
2024-09-16 15:04:03,938 [WARN] ModelIntegratedComponent:60 - No mode defined for component null
2024-09-16 15:04:03,938 [WARN] ModelIntegratedComponent:60 - No mode defined for component null
2024-09-16 15:04:03,938 [WARN] ModelIntegratedComponent:60 - No mode defined for component null
2024-09-16 15:04:03,939 [WARN] ApiManager:304 - Cannot register API 'Board Extension:NFC07A1' from pack STMicroelectronics.X-CUBE-NFC7.1.0.1: no header file found
2024-09-16 15:04:03,946 [WARN] ApiManager:304 - Cannot register API 'Board Extension:S2868A1' from pack STMicroelectronics.X-CUBE-SFXS2LP1.4.0.0: no header file found
2024-09-16 15:04:03,946 [WARN] ApiManager:304 - Cannot register API 'Board Extension:S2868A2' from pack STMicroelectronics.X-CUBE-SFXS2LP1.4.0.0: no header file found
2024-09-16 15:04:03,946 [WARN] ApiManager:304 - Cannot register API 'Board Extension:S2915A1' from pack STMicroelectronics.X-CUBE-SFXS2LP1.4.0.0: no header file found
2024-09-16 15:04:03,947 [WARN] ApiManager:304 - Cannot register API 'Wireless:BlueNRG-2' from pack STMicroelectronics.X-CUBE-BLE2.3.3.0: no header file found
2024-09-16 15:04:05,430 [INFO] UtilMem:74 - End LoadConfig() Used Memory: 548257232 Bytes (630194176)
2024-09-16 15:04:05,432 [WARN] ThirdParty:779 - waiting for thirdparty lock release [change project]
2024-09-16 15:04:05,432 [INFO] ThirdParty:781 - entering critical section [change project]
2024-09-16 15:04:05,432 [INFO] ThirdParty:967 - CMSIS Pack Vendor :STMicroelectronics X-CUBE-AZRTOS-H7 3.3.0
2024-09-16 15:04:05,432 [INFO] ThirdParty:967 - CMSIS Pack Vendor :STMicroelectronics X-CUBE-GNSS1 6.0.0
2024-09-16 15:04:05,432 [INFO] ThirdParty:967 - CMSIS Pack Vendor :STMicroelectronics USB_HOST 2.0.0
2024-09-16 15:04:05,432 [INFO] ThirdParty:967 - CMSIS Pack Vendor :STMicroelectronics X-CUBE-AZRTOS-F4 1.1.0
2024-09-16 15:04:05,432 [INFO] ThirdParty:967 - CMSIS Pack Vendor :STMicroelectronics USB_DEVICE 3.0.0
2024-09-16 15:04:05,432 [INFO] ThirdParty:967 - CMSIS Pack Vendor :STMicroelectronics X-CUBE-AZRTOS-WB 2.0.0
2024-09-16 15:04:05,432 [INFO] ThirdParty:967 - CMSIS Pack Vendor :STMicroelectronics X-CUBE-GNSS1 7.0.0
2024-09-16 15:04:05,432 [INFO] ThirdParty:967 - CMSIS Pack Vendor :STMicroelectronics X-CUBE-AZRTOS-F7 1.1.0
2024-09-16 15:04:05,432 [INFO] ThirdParty:967 - CMSIS Pack Vendor :STMicroelectronics X-CUBE-AZRTOS-L5 2.0.0
2024-09-16 15:04:05,432 [INFO] ThirdParty:967 - CMSIS Pack Vendor :STMicroelectronics USB_DEVICE 2.0.0
2024-09-16 15:04:05,432 [INFO] ThirdParty:967 - CMSIS Pack Vendor :STMicroelectronics X-CUBE-NFC6 3.1.0
2024-09-16 15:04:05,433 [INFO] ThirdParty:967 - CMSIS Pack Vendor :STMicroelectronics X-CUBE-MEMS1 11.0.0
2024-09-16 15:04:05,433 [INFO] ThirdParty:967 - CMSIS Pack Vendor :STMicroelectronics FreeRTOS 0.0.1
2024-09-16 15:04:05,433 [INFO] ThirdParty:967 - CMSIS Pack Vendor :STMicroelectronics X-CUBE-AZRTOS-G0 1.1.0
2024-09-16 15:04:05,433 [INFO] ThirdParty:967 - CMSIS Pack Vendor :STMicroelectronics X-CUBE-SAFEA1 1.2.2
2024-09-16 15:04:05,433 [INFO] ThirdParty:967 - CMSIS Pack Vendor :STMicroelectronics X-CUBE-NFC4 3.0.0
2024-09-16 15:04:05,433 [INFO] ThirdParty:967 - CMSIS Pack Vendor :STMicroelectronics X-CUBE-SUBG2 5.0.0
2024-09-16 15:04:05,433 [INFO] ThirdParty:967 - CMSIS Pack Vendor :STMicroelectronics lwIP 2.0.3
2024-09-16 15:04:05,433 [INFO] ThirdParty:967 - CMSIS Pack Vendor :STMicroelectronics USB_HOST 1.0.0
2024-09-16 15:04:05,433 [INFO] ThirdParty:967 - CMSIS Pack Vendor :STMicroelectronics X-CUBE-AI 9.0.0
2024-09-16 15:04:05,433 [INFO] ThirdParty:967 - CMSIS Pack Vendor :STMicroelectronics X-CUBE-AZRTOS-G4 2.0.0
2024-09-16 15:04:05,433 [INFO] ThirdParty:967 - CMSIS Pack Vendor :STMicroelectronics PDM2PCM 3.1.0
2024-09-16 15:04:05,433 [INFO] ThirdParty:967 - CMSIS Pack Vendor :STMicroelectronics PDM2PCM 3.3.0
2024-09-16 15:04:05,433 [INFO] ThirdParty:967 - CMSIS Pack Vendor :STMicroelectronics X-CUBE-BLE1 7.0.0
2024-09-16 15:04:05,433 [INFO] ThirdParty:967 - CMSIS Pack Vendor :STMicroelectronics FP-ATR-SIGFOX1 3.2.0
2024-09-16 15:04:05,433 [INFO] ThirdParty:967 - CMSIS Pack Vendor :wolfSSL I-CUBE-wolfSSL 5.7.2
2024-09-16 15:04:05,433 [INFO] ThirdParty:967 - CMSIS Pack Vendor :STMicroelectronics X-CUBE-ISPU 2.0.0
2024-09-16 15:04:05,433 [INFO] ThirdParty:967 - CMSIS Pack Vendor :STMicroelectronics X-CUBE-EEPRMA1 5.1.0
2024-09-16 15:04:05,433 [INFO] ThirdParty:967 - CMSIS Pack Vendor :STMicroelectronics HAL Drivers 0.0.0
2024-09-16 15:04:05,433 [INFO] ThirdParty:967 - CMSIS Pack Vendor :STMicroelectronics MBEDTLS 2.16.2
2024-09-16 15:04:05,433 [INFO] ThirdParty:967 - CMSIS Pack Vendor :STMicroelectronics X-CUBE-NFC7 1.0.1
2024-09-16 15:04:05,434 [INFO] ThirdParty:967 - CMSIS Pack Vendor :STMicroelectronics MBEDTLS 2.14.1
2024-09-16 15:04:05,434 [INFO] ThirdParty:967 - CMSIS Pack Vendor :STMicroelectronics X-CUBE-TOUCHGFX 4.24.0
2024-09-16 15:04:05,434 [INFO] ThirdParty:967 - CMSIS Pack Vendor :wolfSSL I-CUBE-wolfTPM 3.4.0
2024-09-16 15:04:05,434 [INFO] ThirdParty:967 - CMSIS Pack Vendor :portGmbH I-Cube-SoM-uGOAL 1.1.0
2024-09-16 15:04:05,434 [INFO] ThirdParty:967 - CMSIS Pack Vendor :STMicroelectronics X-CUBE-AZRTOS-WL 2.0.0
2024-09-16 15:04:05,434 [INFO] ThirdParty:967 - CMSIS Pack Vendor :SEGGER I-CUBE-embOS 1.3.1
2024-09-16 15:04:05,434 [INFO] ThirdParty:967 - CMSIS Pack Vendor :STMicroelectronics X-CUBE-ALGOBUILD 1.4.0
2024-09-16 15:04:05,434 [INFO] ThirdParty:967 - CMSIS Pack Vendor :STMicroelectronics USB_DEVICE 1.0.0
2024-09-16 15:04:05,434 [INFO] ThirdParty:967 - CMSIS Pack Vendor :STMicroelectronics X-CUBE-AZRTOS-H7RS 1.0.0
2024-09-16 15:04:05,434 [INFO] ThirdParty:967 - CMSIS Pack Vendor :wolfSSL I-CUBE-wolfMQTT 1.19.0
2024-09-16 15:04:05,434 [INFO] ThirdParty:967 - CMSIS Pack Vendor :STMicroelectronics X-CUBE-AZRTOS-L4 2.0.0
2024-09-16 15:04:05,434 [INFO] ThirdParty:967 - CMSIS Pack Vendor :STMicroelectronics ThreadX 0.0.2
2024-09-16 15:04:05,434 [INFO] ThirdParty:967 - CMSIS Pack Vendor :WES I-CUBE-Cesium 1.3.0
2024-09-16 15:04:05,434 [INFO] ThirdParty:967 - CMSIS Pack Vendor :STMicroelectronics FP-ATR-ASTRA1 2.0.0
2024-09-16 15:04:05,434 [INFO] ThirdParty:967 - CMSIS Pack Vendor :STMicroelectronics lwIP 2.1.2
2024-09-16 15:04:05,434 [INFO] ThirdParty:967 - CMSIS Pack Vendor :STMicroelectronics X-CUBE-SFXS2LP1 4.0.0
2024-09-16 15:04:05,434 [INFO] ThirdParty:967 - CMSIS Pack Vendor :STMicroelectronics X-CUBE-BLE2 3.3.0
2024-09-16 15:04:05,434 [INFO] ThirdParty:967 - CMSIS Pack Vendor :STMicroelectronics PDM2PCM 3.2.0
2024-09-16 15:04:05,434 [INFO] ThirdParty:967 - CMSIS Pack Vendor :wolfSSL I-CUBE-wolfSSH 1.4.17
2024-09-16 15:04:05,434 [INFO] ThirdParty:787 - exiting critical section [change project]
2024-09-16 15:04:05,604 [INFO] PinOutPanel:1463 - setPackage(No Configuration,No Configuration)
2024-09-16 15:04:05,605 [INFO] PinOutPanel:1463 - setPackage(STM32F103C6Ux,UFQFPN48)
2024-09-16 15:04:05,859 [INFO] UtilMem:74 - Before build in PCC Used Memory: 495822848 Bytes (630194176)
2024-09-16 15:04:06,283 [INFO] UtilMem:74 - After build in PCC Used Memory: 433403904 Bytes (630194176)
2024-09-16 15:04:06,297 [INFO] IPUIPlugin:74 - create IPUIPlugin
2024-09-16 15:04:06,297 [INFO] IPUIPlugin:74 - create IPUIPlugin
2024-09-16 15:04:06,297 [INFO] IPUIPlugin:74 - create IPUIPlugin
2024-09-16 15:04:06,297 [INFO] IPUIPlugin:74 - create IPUIPlugin
2024-09-16 15:04:06,297 [INFO] IPUIPlugin:74 - create IPUIPlugin
2024-09-16 15:04:06,297 [INFO] IPUIPlugin:74 - create IPUIPlugin
2024-09-16 15:04:06,297 [INFO] IPUIPlugin:74 - create IPUIPlugin
2024-09-16 15:04:06,297 [INFO] IPUIPlugin:74 - create IPUIPlugin
2024-09-16 15:04:06,297 [INFO] IPUIPlugin:74 - create IPUIPlugin
2024-09-16 15:04:06,298 [INFO] IPUIPlugin:74 - create IPUIPlugin
2024-09-16 15:04:06,298 [INFO] IPUIPlugin:74 - create IPUIPlugin
2024-09-16 15:04:06,298 [INFO] IPUIPlugin:74 - create IPUIPlugin
2024-09-16 15:04:06,298 [INFO] IPUIPlugin:74 - create IPUIPlugin
2024-09-16 15:04:06,298 [INFO] IPUIPlugin:74 - create IPUIPlugin
2024-09-16 15:04:06,299 [INFO] IPUIPlugin:74 - create IPUIPlugin
2024-09-16 15:04:06,299 [INFO] IPUIPlugin:74 - create IPUIPlugin
2024-09-16 15:04:06,299 [INFO] IPUIPlugin:74 - create IPUIPlugin
2024-09-16 15:04:06,299 [INFO] IPUIPlugin:74 - create IPUIPlugin
2024-09-16 15:04:06,300 [INFO] IPUIPlugin:74 - create IPUIPlugin
2024-09-16 15:04:06,300 [INFO] IPUIPlugin:74 - create IPUIPlugin
2024-09-16 15:04:06,300 [INFO] IPUIPlugin:74 - create IPUIPlugin
2024-09-16 15:04:06,300 [INFO] IPUIPlugin:74 - create IPUIPlugin
2024-09-16 15:04:06,301 [INFO] IPUIPlugin:74 - create IPUIPlugin
2024-09-16 15:04:06,382 [INFO] OpenFileManager:333 - Restore cursor
2024-09-16 15:04:06,584 [INFO] UtilMem:74 - End SaveConfig() Used Memory: 423002968 Bytes (630194176)
2024-09-16 15:04:06,613 [INFO] UtilMem:74 - End SaveConfig() Used Memory: 443992600 Bytes (630194176)
2024-09-16 15:04:06,862 [INFO] BlockDiagram:2740 - set Specific Code input for plugin: NVIC
2024-09-16 15:04:06,862 [INFO] BlockDiagram:2740 - set Specific Code input for plugin: SYS
2024-09-16 15:04:06,862 [INFO] BlockDiagram:2740 - set Specific Code input for plugin: RCC
2024-09-16 15:04:06,863 [INFO] CodeGenerator:663 - code generatio: config db path: C:\ST\STM32CubeIDE_1.7.0\STM32CubeIDE\plugins\com.st.stm32cube.common.mx_6.3.0.202107141111\\db\
2024-09-16 15:04:07,144 [INFO] CodeEngine:239 - oldGeneratedFile, D:\Lab_VXL\Lab1_Exercise1_4\MXTmpFiles\license.tmp_save
2024-09-16 15:04:07,423 [INFO] CodeEngine:257 - Generated code: D:\Lab_VXL\Lab1_Exercise1_4\MXTmpFiles\license.tmp
2024-09-16 15:04:07,504 [INFO] CodeEngine:239 - oldGeneratedFile, D:\Lab_VXL\Lab1_Exercise1_4\Core\Src\stm32f1xx_it.c_save
2024-09-16 15:04:07,597 [INFO] CodeEngine:257 - Generated code: D:\Lab_VXL\Lab1_Exercise1_4\Core\Src\stm32f1xx_it.c
2024-09-16 15:04:07,601 [INFO] CodeEngine:239 - oldGeneratedFile, D:\Lab_VXL\Lab1_Exercise1_4\Core\Inc\stm32f1xx_it.h_save
2024-09-16 15:04:07,650 [INFO] CodeEngine:257 - Generated code: D:\Lab_VXL\Lab1_Exercise1_4\Core\Inc\stm32f1xx_it.h
2024-09-16 15:04:07,657 [INFO] CodeEngine:239 - oldGeneratedFile, D:\Lab_VXL\Lab1_Exercise1_4\Core\Src\stm32f1xx_hal_msp.c_save
2024-09-16 15:04:07,771 [INFO] CodeEngine:257 - Generated code: D:\Lab_VXL\Lab1_Exercise1_4\Core\Src\stm32f1xx_hal_msp.c
2024-09-16 15:04:07,773 [INFO] CodeEngine:239 - oldGeneratedFile, D:\Lab_VXL\Lab1_Exercise1_4\MXTmpFiles\system.tmp_save
2024-09-16 15:04:07,824 [INFO] CodeEngine:257 - Generated code: D:\Lab_VXL\Lab1_Exercise1_4\MXTmpFiles\system.tmp
2024-09-16 15:04:07,832 [INFO] CodeEngine:239 - oldGeneratedFile, D:\Lab_VXL\Lab1_Exercise1_4\Core\Inc\stm32f1xx_hal_conf.h_save
2024-09-16 15:04:07,883 [INFO] CodeEngine:257 - Generated code: D:\Lab_VXL\Lab1_Exercise1_4\Core\Inc\stm32f1xx_hal_conf.h
2024-09-16 15:04:07,907 [INFO] CodeEngine:239 - oldGeneratedFile, D:\Lab_VXL\Lab1_Exercise1_4\Core\Inc\main.h_save
2024-09-16 15:04:07,965 [INFO] CodeEngine:257 - Generated code: D:\Lab_VXL\Lab1_Exercise1_4\Core\Inc\main.h
2024-09-16 15:04:07,968 [INFO] CodeEngine:239 - oldGeneratedFile, D:\Lab_VXL\Lab1_Exercise1_4\Core\Src\main.c_save
2024-09-16 15:04:08,044 [INFO] CodeEngine:257 - Generated code: D:\Lab_VXL\Lab1_Exercise1_4\Core\Src\main.c
2024-09-16 15:04:08,808 [INFO] ProjectBuilder:2578 - Time for Copy HAL[1] : 88mS.
2024-09-16 15:04:08,812 [INFO] ProjectBuilder:3622 - Project Generator version: 3.14.1
2024-09-16 15:04:09,194 [INFO] ConfigFileManager:1271 - The Die is : DIE412
2024-09-16 15:04:09,205 [INFO] ApiDbMcu:468 - Load IP Config File for FATFS
2024-09-16 15:04:09,228 [INFO] ApiDbMcu:468 - Load IP Config File for FREERTOS
2024-09-16 15:04:09,260 [INFO] ApiDbMcu:468 - Load IP Config File for USB_DEVICE
2024-09-16 15:04:11,716 [INFO] ProjectBuilder:3789 - Time for Generating toolchain IDE Files: 2903mS.
2024-09-16 15:04:11,716 [INFO] ProjectBuilder:2457 - Time for Copy CMSIS : 0mS.
2024-09-16 15:04:11,718 [INFO] ProjectBuilder:2457 - Time for Copy CMSIS : 0mS.
2024-09-16 15:04:12,251 [INFO] McuFinderGlobals:52 - Set McuFinderConnectedMode to true
2024-09-16 15:04:12,258 [INFO] ApiDb:276 - Save user favorites file C:\Users\Ngo Truc Linh/.stm32cubeide/favorites.mcus.txt: 0 item(s)
2024-09-16 15:04:12,258 [INFO] ApiDb:280 - User favorites MCUs=[]
2024-09-16 15:15:51,586 [INFO] UtilMem:74 - End SaveConfig() Used Memory: 849181136 Bytes (972029952)
2024-09-16 15:15:52,883 [INFO] UtilMem:74 - End SaveConfig() Used Memory: 868577744 Bytes (972029952)
2024-09-16 15:15:55,760 [INFO] UtilMem:74 - End SaveConfig() Used Memory: 862346696 Bytes (972029952)
2024-09-16 15:15:56,007 [INFO] BlockDiagram:2740 - set Specific Code input for plugin: NVIC
2024-09-16 15:15:56,008 [INFO] BlockDiagram:2740 - set Specific Code input for plugin: SYS
2024-09-16 15:15:56,008 [INFO] BlockDiagram:2740 - set Specific Code input for plugin: GPIO
2024-09-16 15:15:56,008 [INFO] BlockDiagram:2740 - set Specific Code input for plugin: RCC
2024-09-16 15:15:56,009 [INFO] CodeGenerator:663 - code generatio: config db path: C:\ST\STM32CubeIDE_1.7.0\STM32CubeIDE\plugins\com.st.stm32cube.common.mx_6.3.0.202107141111\\db\
2024-09-16 15:15:56,254 [INFO] CodeEngine:239 - oldGeneratedFile, D:\Lab_VXL\Lab1_Exercise1_4\MXTmpFiles\license.tmp_save
2024-09-16 15:15:56,294 [INFO] CodeEngine:257 - Generated code: D:\Lab_VXL\Lab1_Exercise1_4\MXTmpFiles\license.tmp
2024-09-16 15:15:56,371 [INFO] CodeEngine:239 - oldGeneratedFile, D:\Lab_VXL\Lab1_Exercise1_4\MXTmpFiles\gpio.tmp_save
2024-09-16 15:15:56,413 [INFO] CodeEngine:257 - Generated code: D:\Lab_VXL\Lab1_Exercise1_4\MXTmpFiles\gpio.tmp
2024-09-16 15:15:56,457 [INFO] CodeEngine:239 - oldGeneratedFile, D:\Lab_VXL\Lab1_Exercise1_4\Core\Src\stm32f1xx_it.c_save
2024-09-16 15:15:56,516 [INFO] CodeEngine:257 - Generated code: D:\Lab_VXL\Lab1_Exercise1_4\Core\Src\stm32f1xx_it.c
2024-09-16 15:15:56,519 [INFO] CodeEngine:239 - oldGeneratedFile, D:\Lab_VXL\Lab1_Exercise1_4\Core\Inc\stm32f1xx_it.h_save
2024-09-16 15:15:56,574 [INFO] CodeEngine:257 - Generated code: D:\Lab_VXL\Lab1_Exercise1_4\Core\Inc\stm32f1xx_it.h
2024-09-16 15:15:56,583 [INFO] CodeEngine:239 - oldGeneratedFile, D:\Lab_VXL\Lab1_Exercise1_4\Core\Src\stm32f1xx_hal_msp.c_save
2024-09-16 15:15:56,674 [INFO] CodeEngine:257 - Generated code: D:\Lab_VXL\Lab1_Exercise1_4\Core\Src\stm32f1xx_hal_msp.c
2024-09-16 15:15:56,676 [INFO] CodeEngine:239 - oldGeneratedFile, D:\Lab_VXL\Lab1_Exercise1_4\MXTmpFiles\system.tmp_save
2024-09-16 15:15:56,718 [INFO] CodeEngine:257 - Generated code: D:\Lab_VXL\Lab1_Exercise1_4\MXTmpFiles\system.tmp
2024-09-16 15:15:56,724 [INFO] CodeEngine:239 - oldGeneratedFile, D:\Lab_VXL\Lab1_Exercise1_4\Core\Inc\stm32f1xx_hal_conf.h_save
2024-09-16 15:15:56,789 [INFO] CodeEngine:257 - Generated code: D:\Lab_VXL\Lab1_Exercise1_4\Core\Inc\stm32f1xx_hal_conf.h
2024-09-16 15:15:56,804 [INFO] CodeEngine:239 - oldGeneratedFile, D:\Lab_VXL\Lab1_Exercise1_4\Core\Inc\main.h_save
2024-09-16 15:15:56,864 [INFO] CodeEngine:257 - Generated code: D:\Lab_VXL\Lab1_Exercise1_4\Core\Inc\main.h
2024-09-16 15:15:56,868 [INFO] CodeEngine:239 - oldGeneratedFile, D:\Lab_VXL\Lab1_Exercise1_4\Core\Src\main.c_save
2024-09-16 15:15:56,955 [INFO] CodeEngine:257 - Generated code: D:\Lab_VXL\Lab1_Exercise1_4\Core\Src\main.c
2024-09-16 15:15:57,589 [INFO] ProjectBuilder:2578 - Time for Copy HAL[1] : 69mS.
2024-09-16 15:15:57,591 [INFO] ProjectBuilder:3622 - Project Generator version: 3.14.1
2024-09-16 15:15:58,232 [INFO] ConfigFileManager:1271 - The Die is : DIE412
2024-09-16 15:15:59,514 [INFO] ProjectBuilder:3789 - Time for Generating toolchain IDE Files: 1923mS.
2024-09-16 15:15:59,515 [INFO] ProjectBuilder:2457 - Time for Copy CMSIS : 0mS.
2024-09-16 15:15:59,517 [INFO] ProjectBuilder:2457 - Time for Copy CMSIS : 0mS.
2024-09-16 15:24:39,948 [INFO] UtilMem:74 - End SaveConfig() Used Memory: 898136120 Bytes (1073741824)
2024-09-16 15:24:40,964 [INFO] UtilMem:74 - End SaveConfig() Used Memory: 913234768 Bytes (1073741824)
2024-09-16 15:24:42,632 [INFO] UtilMem:74 - End SaveConfig() Used Memory: 862821192 Bytes (1073741824)
2024-09-16 15:24:42,817 [INFO] BlockDiagram:2740 - set Specific Code input for plugin: NVIC
2024-09-16 15:24:42,817 [INFO] BlockDiagram:2740 - set Specific Code input for plugin: SYS
2024-09-16 15:24:42,817 [INFO] BlockDiagram:2740 - set Specific Code input for plugin: GPIO
2024-09-16 15:24:42,817 [INFO] BlockDiagram:2740 - set Specific Code input for plugin: RCC
2024-09-16 15:24:42,818 [INFO] CodeGenerator:663 - code generatio: config db path: C:\ST\STM32CubeIDE_1.7.0\STM32CubeIDE\plugins\com.st.stm32cube.common.mx_6.3.0.202107141111\\db\
2024-09-16 15:24:43,062 [INFO] CodeEngine:239 - oldGeneratedFile, D:\Lab_VXL\Lab1_Exercise1_4\MXTmpFiles\license.tmp_save
2024-09-16 15:24:43,104 [INFO] CodeEngine:257 - Generated code: D:\Lab_VXL\Lab1_Exercise1_4\MXTmpFiles\license.tmp
2024-09-16 15:24:43,159 [INFO] CodeEngine:239 - oldGeneratedFile, D:\Lab_VXL\Lab1_Exercise1_4\MXTmpFiles\gpio.tmp_save
2024-09-16 15:24:43,204 [INFO] CodeEngine:257 - Generated code: D:\Lab_VXL\Lab1_Exercise1_4\MXTmpFiles\gpio.tmp
2024-09-16 15:24:43,261 [INFO] CodeEngine:239 - oldGeneratedFile, D:\Lab_VXL\Lab1_Exercise1_4\Core\Src\stm32f1xx_it.c_save
2024-09-16 15:24:43,357 [INFO] CodeEngine:257 - Generated code: D:\Lab_VXL\Lab1_Exercise1_4\Core\Src\stm32f1xx_it.c
2024-09-16 15:24:43,361 [INFO] CodeEngine:239 - oldGeneratedFile, D:\Lab_VXL\Lab1_Exercise1_4\Core\Inc\stm32f1xx_it.h_save
2024-09-16 15:24:43,406 [INFO] CodeEngine:257 - Generated code: D:\Lab_VXL\Lab1_Exercise1_4\Core\Inc\stm32f1xx_it.h
2024-09-16 15:24:43,413 [INFO] CodeEngine:239 - oldGeneratedFile, D:\Lab_VXL\Lab1_Exercise1_4\Core\Src\stm32f1xx_hal_msp.c_save
2024-09-16 15:24:43,479 [INFO] CodeEngine:257 - Generated code: D:\Lab_VXL\Lab1_Exercise1_4\Core\Src\stm32f1xx_hal_msp.c
2024-09-16 15:24:43,482 [INFO] CodeEngine:239 - oldGeneratedFile, D:\Lab_VXL\Lab1_Exercise1_4\MXTmpFiles\system.tmp_save
2024-09-16 15:24:43,530 [INFO] CodeEngine:257 - Generated code: D:\Lab_VXL\Lab1_Exercise1_4\MXTmpFiles\system.tmp
2024-09-16 15:24:43,535 [INFO] CodeEngine:239 - oldGeneratedFile, D:\Lab_VXL\Lab1_Exercise1_4\Core\Inc\stm32f1xx_hal_conf.h_save
2024-09-16 15:24:43,585 [INFO] CodeEngine:257 - Generated code: D:\Lab_VXL\Lab1_Exercise1_4\Core\Inc\stm32f1xx_hal_conf.h
2024-09-16 15:24:43,598 [INFO] CodeEngine:239 - oldGeneratedFile, D:\Lab_VXL\Lab1_Exercise1_4\Core\Inc\main.h_save
2024-09-16 15:24:43,646 [INFO] CodeEngine:257 - Generated code: D:\Lab_VXL\Lab1_Exercise1_4\Core\Inc\main.h
2024-09-16 15:24:43,650 [INFO] CodeEngine:239 - oldGeneratedFile, D:\Lab_VXL\Lab1_Exercise1_4\Core\Src\main.c_save
2024-09-16 15:24:43,725 [INFO] CodeEngine:257 - Generated code: D:\Lab_VXL\Lab1_Exercise1_4\Core\Src\main.c
2024-09-16 15:24:44,355 [INFO] ProjectBuilder:2578 - Time for Copy HAL[1] : 57mS.
2024-09-16 15:24:44,358 [INFO] ProjectBuilder:3622 - Project Generator version: 3.14.1
2024-09-16 15:24:44,977 [INFO] ConfigFileManager:1271 - The Die is : DIE412
2024-09-16 15:24:46,247 [INFO] ProjectBuilder:3789 - Time for Generating toolchain IDE Files: 1889mS.
2024-09-16 15:24:46,248 [INFO] ProjectBuilder:2457 - Time for Copy CMSIS : 0mS.
2024-09-16 15:24:46,250 [INFO] ProjectBuilder:2457 - Time for Copy CMSIS : 0mS.
2024-09-16 15:26:37,667 [INFO] UtilMem:74 - End SaveConfig() Used Memory: 865801928 Bytes (1073741824)
2024-09-16 15:26:38,682 [INFO] UtilMem:74 - End SaveConfig() Used Memory: 886711808 Bytes (1073741824)
2024-09-16 15:26:40,284 [INFO] UtilMem:74 - End SaveConfig() Used Memory: 922712600 Bytes (1073741824)
2024-09-16 15:26:40,546 [INFO] BlockDiagram:2740 - set Specific Code input for plugin: NVIC
2024-09-16 15:26:40,547 [INFO] BlockDiagram:2740 - set Specific Code input for plugin: SYS
2024-09-16 15:26:40,547 [INFO] BlockDiagram:2740 - set Specific Code input for plugin: GPIO
2024-09-16 15:26:40,547 [INFO] BlockDiagram:2740 - set Specific Code input for plugin: RCC
2024-09-16 15:26:40,548 [INFO] CodeGenerator:663 - code generatio: config db path: C:\ST\STM32CubeIDE_1.7.0\STM32CubeIDE\plugins\com.st.stm32cube.common.mx_6.3.0.202107141111\\db\
2024-09-16 15:26:40,816 [INFO] CodeEngine:239 - oldGeneratedFile, D:\Lab_VXL\Lab1_Exercise1_4\MXTmpFiles\license.tmp_save
2024-09-16 15:26:40,885 [INFO] CodeEngine:257 - Generated code: D:\Lab_VXL\Lab1_Exercise1_4\MXTmpFiles\license.tmp
2024-09-16 15:26:40,948 [INFO] CodeEngine:239 - oldGeneratedFile, D:\Lab_VXL\Lab1_Exercise1_4\MXTmpFiles\gpio.tmp_save
2024-09-16 15:26:41,008 [INFO] CodeEngine:257 - Generated code: D:\Lab_VXL\Lab1_Exercise1_4\MXTmpFiles\gpio.tmp
2024-09-16 15:26:41,058 [INFO] CodeEngine:239 - oldGeneratedFile, D:\Lab_VXL\Lab1_Exercise1_4\Core\Src\stm32f1xx_it.c_save
2024-09-16 15:26:41,126 [INFO] CodeEngine:257 - Generated code: D:\Lab_VXL\Lab1_Exercise1_4\Core\Src\stm32f1xx_it.c
2024-09-16 15:26:41,129 [INFO] CodeEngine:239 - oldGeneratedFile, D:\Lab_VXL\Lab1_Exercise1_4\Core\Inc\stm32f1xx_it.h_save
2024-09-16 15:26:41,180 [INFO] CodeEngine:257 - Generated code: D:\Lab_VXL\Lab1_Exercise1_4\Core\Inc\stm32f1xx_it.h
2024-09-16 15:26:41,197 [INFO] CodeEngine:239 - oldGeneratedFile, D:\Lab_VXL\Lab1_Exercise1_4\Core\Src\stm32f1xx_hal_msp.c_save
2024-09-16 15:26:41,275 [INFO] CodeEngine:257 - Generated code: D:\Lab_VXL\Lab1_Exercise1_4\Core\Src\stm32f1xx_hal_msp.c
2024-09-16 15:26:41,278 [INFO] CodeEngine:239 - oldGeneratedFile, D:\Lab_VXL\Lab1_Exercise1_4\MXTmpFiles\system.tmp_save
2024-09-16 15:26:41,322 [INFO] CodeEngine:257 - Generated code: D:\Lab_VXL\Lab1_Exercise1_4\MXTmpFiles\system.tmp
2024-09-16 15:26:41,329 [INFO] CodeEngine:239 - oldGeneratedFile, D:\Lab_VXL\Lab1_Exercise1_4\Core\Inc\stm32f1xx_hal_conf.h_save
2024-09-16 15:26:41,383 [INFO] CodeEngine:257 - Generated code: D:\Lab_VXL\Lab1_Exercise1_4\Core\Inc\stm32f1xx_hal_conf.h
2024-09-16 15:26:41,401 [INFO] CodeEngine:239 - oldGeneratedFile, D:\Lab_VXL\Lab1_Exercise1_4\Core\Inc\main.h_save
2024-09-16 15:26:41,481 [INFO] CodeEngine:257 - Generated code: D:\Lab_VXL\Lab1_Exercise1_4\Core\Inc\main.h
2024-09-16 15:26:41,485 [INFO] CodeEngine:239 - oldGeneratedFile, D:\Lab_VXL\Lab1_Exercise1_4\Core\Src\main.c_save
2024-09-16 15:26:41,576 [INFO] CodeEngine:257 - Generated code: D:\Lab_VXL\Lab1_Exercise1_4\Core\Src\main.c
2024-09-16 15:26:42,174 [INFO] ProjectBuilder:2578 - Time for Copy HAL[1] : 58mS.
2024-09-16 15:26:42,176 [INFO] ProjectBuilder:3622 - Project Generator version: 3.14.1
2024-09-16 15:26:42,533 [INFO] ConfigFileManager:1271 - The Die is : DIE412
2024-09-16 15:26:44,182 [INFO] ProjectBuilder:3789 - Time for Generating toolchain IDE Files: 2006mS.
2024-09-16 15:26:44,183 [INFO] ProjectBuilder:2457 - Time for Copy CMSIS : 0mS.
2024-09-16 15:26:44,185 [INFO] ProjectBuilder:2457 - Time for Copy CMSIS : 0mS.
2024-09-16 15:28:16,439 [INFO] UtilMem:74 - End SaveConfig() Used Memory: 860670464 Bytes (1073741824)
2024-09-16 15:28:17,591 [INFO] UtilMem:74 - End SaveConfig() Used Memory: 881641984 Bytes (1073741824)
2024-09-16 15:28:18,587 [INFO] UtilMem:74 - End SaveConfig() Used Memory: 917815808 Bytes (1073741824)
2024-09-16 15:28:18,815 [INFO] BlockDiagram:2740 - set Specific Code input for plugin: NVIC
2024-09-16 15:28:18,816 [INFO] BlockDiagram:2740 - set Specific Code input for plugin: SYS
2024-09-16 15:28:18,816 [INFO] BlockDiagram:2740 - set Specific Code input for plugin: GPIO
2024-09-16 15:28:18,816 [INFO] BlockDiagram:2740 - set Specific Code input for plugin: RCC
2024-09-16 15:28:18,817 [INFO] CodeGenerator:663 - code generatio: config db path: C:\ST\STM32CubeIDE_1.7.0\STM32CubeIDE\plugins\com.st.stm32cube.common.mx_6.3.0.202107141111\\db\
2024-09-16 15:28:19,071 [INFO] CodeEngine:239 - oldGeneratedFile, D:\Lab_VXL\Lab1_Exercise1_4\MXTmpFiles\license.tmp_save
2024-09-16 15:28:19,129 [INFO] CodeEngine:257 - Generated code: D:\Lab_VXL\Lab1_Exercise1_4\MXTmpFiles\license.tmp
2024-09-16 15:28:19,169 [INFO] CodeEngine:239 - oldGeneratedFile, D:\Lab_VXL\Lab1_Exercise1_4\MXTmpFiles\gpio.tmp_save
2024-09-16 15:28:19,219 [INFO] CodeEngine:257 - Generated code: D:\Lab_VXL\Lab1_Exercise1_4\MXTmpFiles\gpio.tmp
2024-09-16 15:28:19,258 [INFO] CodeEngine:239 - oldGeneratedFile, D:\Lab_VXL\Lab1_Exercise1_4\Core\Src\stm32f1xx_it.c_save
2024-09-16 15:28:19,332 [INFO] CodeEngine:257 - Generated code: D:\Lab_VXL\Lab1_Exercise1_4\Core\Src\stm32f1xx_it.c
2024-09-16 15:28:19,336 [INFO] CodeEngine:239 - oldGeneratedFile, D:\Lab_VXL\Lab1_Exercise1_4\Core\Inc\stm32f1xx_it.h_save
2024-09-16 15:28:19,380 [INFO] CodeEngine:257 - Generated code: D:\Lab_VXL\Lab1_Exercise1_4\Core\Inc\stm32f1xx_it.h
2024-09-16 15:28:19,387 [INFO] CodeEngine:239 - oldGeneratedFile, D:\Lab_VXL\Lab1_Exercise1_4\Core\Src\stm32f1xx_hal_msp.c_save
2024-09-16 15:28:19,460 [INFO] CodeEngine:257 - Generated code: D:\Lab_VXL\Lab1_Exercise1_4\Core\Src\stm32f1xx_hal_msp.c
2024-09-16 15:28:19,463 [INFO] CodeEngine:239 - oldGeneratedFile, D:\Lab_VXL\Lab1_Exercise1_4\MXTmpFiles\system.tmp_save
2024-09-16 15:28:19,510 [INFO] CodeEngine:257 - Generated code: D:\Lab_VXL\Lab1_Exercise1_4\MXTmpFiles\system.tmp
2024-09-16 15:28:19,516 [INFO] CodeEngine:239 - oldGeneratedFile, D:\Lab_VXL\Lab1_Exercise1_4\Core\Inc\stm32f1xx_hal_conf.h_save
2024-09-16 15:28:19,564 [INFO] CodeEngine:257 - Generated code: D:\Lab_VXL\Lab1_Exercise1_4\Core\Inc\stm32f1xx_hal_conf.h
2024-09-16 15:28:19,579 [INFO] CodeEngine:239 - oldGeneratedFile, D:\Lab_VXL\Lab1_Exercise1_4\Core\Inc\main.h_save
2024-09-16 15:28:19,627 [INFO] CodeEngine:257 - Generated code: D:\Lab_VXL\Lab1_Exercise1_4\Core\Inc\main.h
2024-09-16 15:28:19,630 [INFO] CodeEngine:239 - oldGeneratedFile, D:\Lab_VXL\Lab1_Exercise1_4\Core\Src\main.c_save
2024-09-16 15:28:19,713 [INFO] CodeEngine:257 - Generated code: D:\Lab_VXL\Lab1_Exercise1_4\Core\Src\main.c
2024-09-16 15:28:20,349 [INFO] ProjectBuilder:2578 - Time for Copy HAL[1] : 52mS.
2024-09-16 15:28:20,352 [INFO] ProjectBuilder:3622 - Project Generator version: 3.14.1
2024-09-16 15:28:20,943 [INFO] ConfigFileManager:1271 - The Die is : DIE412
2024-09-16 15:28:22,482 [INFO] ProjectBuilder:3789 - Time for Generating toolchain IDE Files: 2130mS.
2024-09-16 15:28:22,482 [INFO] ProjectBuilder:2457 - Time for Copy CMSIS : 0mS.
2024-09-16 15:28:22,484 [INFO] ProjectBuilder:2457 - Time for Copy CMSIS : 0mS.
2024-09-16 15:42:51,768 [INFO] UtilMem:74 - End SaveConfig() Used Memory: 935863168 Bytes (1073741824)
2024-09-16 15:42:53,042 [INFO] UtilMem:74 - End SaveConfig() Used Memory: 956707536 Bytes (1073741824)
2024-09-16 15:42:54,703 [INFO] UtilMem:74 - End SaveConfig() Used Memory: 877599456 Bytes (1073741824)
2024-09-16 15:42:54,929 [INFO] BlockDiagram:2740 - set Specific Code input for plugin: NVIC
2024-09-16 15:42:54,929 [INFO] BlockDiagram:2740 - set Specific Code input for plugin: SYS
2024-09-16 15:42:54,930 [INFO] BlockDiagram:2740 - set Specific Code input for plugin: GPIO
2024-09-16 15:42:54,930 [INFO] BlockDiagram:2740 - set Specific Code input for plugin: RCC
2024-09-16 15:42:54,931 [INFO] CodeGenerator:663 - code generatio: config db path: C:\ST\STM32CubeIDE_1.7.0\STM32CubeIDE\plugins\com.st.stm32cube.common.mx_6.3.0.202107141111\\db\
2024-09-16 15:42:55,198 [INFO] CodeEngine:239 - oldGeneratedFile, D:\Lab_VXL\Lab1_Exercise1_4\MXTmpFiles\license.tmp_save
2024-09-16 15:42:55,243 [INFO] CodeEngine:257 - Generated code: D:\Lab_VXL\Lab1_Exercise1_4\MXTmpFiles\license.tmp
2024-09-16 15:42:55,298 [INFO] CodeEngine:239 - oldGeneratedFile, D:\Lab_VXL\Lab1_Exercise1_4\MXTmpFiles\gpio.tmp_save
2024-09-16 15:42:55,340 [INFO] CodeEngine:257 - Generated code: D:\Lab_VXL\Lab1_Exercise1_4\MXTmpFiles\gpio.tmp
2024-09-16 15:42:55,406 [INFO] CodeEngine:239 - oldGeneratedFile, D:\Lab_VXL\Lab1_Exercise1_4\Core\Src\stm32f1xx_it.c_save
2024-09-16 15:42:55,467 [INFO] CodeEngine:257 - Generated code: D:\Lab_VXL\Lab1_Exercise1_4\Core\Src\stm32f1xx_it.c
2024-09-16 15:42:55,470 [INFO] CodeEngine:239 - oldGeneratedFile, D:\Lab_VXL\Lab1_Exercise1_4\Core\Inc\stm32f1xx_it.h_save
2024-09-16 15:42:55,514 [INFO] CodeEngine:257 - Generated code: D:\Lab_VXL\Lab1_Exercise1_4\Core\Inc\stm32f1xx_it.h
2024-09-16 15:42:55,521 [INFO] CodeEngine:239 - oldGeneratedFile, D:\Lab_VXL\Lab1_Exercise1_4\Core\Src\stm32f1xx_hal_msp.c_save
2024-09-16 15:42:55,587 [INFO] CodeEngine:257 - Generated code: D:\Lab_VXL\Lab1_Exercise1_4\Core\Src\stm32f1xx_hal_msp.c
2024-09-16 15:42:55,589 [INFO] CodeEngine:239 - oldGeneratedFile, D:\Lab_VXL\Lab1_Exercise1_4\MXTmpFiles\system.tmp_save
2024-09-16 15:42:55,626 [INFO] CodeEngine:257 - Generated code: D:\Lab_VXL\Lab1_Exercise1_4\MXTmpFiles\system.tmp
2024-09-16 15:42:55,632 [INFO] CodeEngine:239 - oldGeneratedFile, D:\Lab_VXL\Lab1_Exercise1_4\Core\Inc\stm32f1xx_hal_conf.h_save
2024-09-16 15:42:55,680 [INFO] CodeEngine:257 - Generated code: D:\Lab_VXL\Lab1_Exercise1_4\Core\Inc\stm32f1xx_hal_conf.h
2024-09-16 15:42:55,694 [INFO] CodeEngine:239 - oldGeneratedFile, D:\Lab_VXL\Lab1_Exercise1_4\Core\Inc\main.h_save
2024-09-16 15:42:55,742 [INFO] CodeEngine:257 - Generated code: D:\Lab_VXL\Lab1_Exercise1_4\Core\Inc\main.h
2024-09-16 15:42:55,746 [INFO] CodeEngine:239 - oldGeneratedFile, D:\Lab_VXL\Lab1_Exercise1_4\Core\Src\main.c_save
2024-09-16 15:42:55,824 [INFO] CodeEngine:257 - Generated code: D:\Lab_VXL\Lab1_Exercise1_4\Core\Src\main.c
2024-09-16 15:42:56,439 [INFO] ProjectBuilder:2578 - Time for Copy HAL[1] : 56mS.
2024-09-16 15:42:56,441 [INFO] ProjectBuilder:3622 - Project Generator version: 3.14.1
2024-09-16 15:42:57,037 [INFO] ConfigFileManager:1271 - The Die is : DIE412
2024-09-16 15:42:58,453 [INFO] ProjectBuilder:3789 - Time for Generating toolchain IDE Files: 2012mS.
2024-09-16 15:42:58,455 [INFO] ProjectBuilder:2457 - Time for Copy CMSIS : 1mS.
2024-09-16 15:42:58,457 [INFO] ProjectBuilder:2457 - Time for Copy CMSIS : 0mS.
2024-09-16 15:47:27,190 [INFO] MainUpdater:2671 - connection check result : 10
2024-09-16 15:47:27,282 [INFO] McuFinderGlobals:52 - Set McuFinderConnectedMode to false
2024-09-16 15:47:27,321 [INFO] CrossSelectorPresenter:1330 - Cross Selector saved comparison directory: C:\Users\Ngo Truc Linh\.stmcufinder\plugins\mcufinder\mcu\cs_comparisons_mx
2024-09-16 15:47:27,323 [INFO] MultiScanPanel:197 - Auto-refresh data requested => check proxy status ongoing
2024-09-16 15:47:27,323 [INFO] MultiScanPanel:201 - Proxy status is invalid
2024-09-16 15:47:27,323 [INFO] FinderPluginLoader:87 - Searching for filters in installed packs
2024-09-16 15:47:27,634 [INFO] DetailPanel:309 - Set advertising image to C:/Users/Ngo Truc Linh/STM32Cube/Repository/\en.prom-stm32h7rs-mcu-finder.jpg
